Log file open, 02/01/20 16:49:05
LogWindows: Failed to load 'aqProf.dll' (GetLastError=126)
LogWindows: File 'aqProf.dll' does not exist
LogWindows: Failed to load 'VtuneApi.dll' (GetLastError=126)
LogWindows: File 'VtuneApi.dll' does not exist
LogWindows: Failed to load 'VtuneApi32e.dll' (GetLastError=126)
LogWindows: File 'VtuneApi32e.dll' does not exist
LogConsoleResponse: Display: Failed to find resolution value strings in scalability ini. Falling back to default.
LogInit: Display: Running engine for game: StationRepair
LogPakFile: Registered encryption key '00000000000000000000000000000000': 0 pak files mounted, 0 remain pending
LogPlatformFile: Not using cached read wrapper
LogTaskGraph: Started task graph with 5 named threads and 11 total threads with 3 sets of task threads.
LogStats: Stats thread started at 0.150568
LogD3D11RHI: Loaded GFSDK_Aftermath_Lib.x64.dll
LogICUInternationalization: ICU TimeZone Detection - Raw Offset: -5:00, Platform Override: ''
LogPluginManager: Mounting plugin Paper2D
LogPluginManager: Mounting plugin AISupport
LogPluginManager: Mounting plugin LightPropagationVolume
LogPluginManager: Mounting plugin ActorLayerUtilities
LogPluginManager: Mounting plugin AnimationSharing
LogPluginManager: Mounting plugin CLionSourceCodeAccess
LogPluginManager: Mounting plugin CodeLiteSourceCodeAccess
LogPluginManager: Mounting plugin GitSourceControl
LogPluginManager: Mounting plugin KDevelopSourceCodeAccess
LogPluginManager: Mounting plugin NullSourceCodeAccess
LogPluginManager: Mounting plugin PerforceSourceControl
LogPluginManager: Mounting plugin SubversionSourceControl
LogPluginManager: Mounting plugin UObjectPlugin
LogPluginManager: Mounting plugin VisualStudioCodeSourceCodeAccess
LogPluginManager: Mounting plugin VisualStudioSourceCodeAccess
LogPluginManager: Mounting plugin XCodeSourceCodeAccess
LogPluginManager: Mounting plugin AssetManagerEditor
LogPluginManager: Mounting plugin CryptoKeys
LogPluginManager: Mounting plugin DataValidation
LogPluginManager: Mounting plugin FacialAnimation
LogPluginManager: Mounting plugin GameplayTagsEditor
LogPluginManager: Mounting plugin MacGraphicsSwitching
LogPluginManager: Mounting plugin MaterialAnalyzer
LogPluginManager: Mounting plugin MobileLauncherProfileWizard
LogPluginManager: Mounting plugin PluginBrowser
LogPluginManager: Mounting plugin SpeedTreeImporter
LogPluginManager: Mounting plugin DatasmithContent
LogPluginManager: Mounting plugin VariantManagerContent
LogPluginManager: Mounting plugin AlembicImporter
LogPluginManager: Mounting plugin AppleImageUtils
LogPluginManager: Mounting plugin AppleVision
LogPluginManager: Mounting plugin BackChannel
LogPluginManager: Mounting plugin CharacterAI
LogPluginManager: Mounting plugin GeometryCache
LogPluginManager: Mounting plugin HTML5Networking
LogPluginManager: Mounting plugin ProxyLODPlugin
LogPluginManager: Mounting plugin SkeletalReduction
LogPluginManager: Mounting plugin MagicLeap
LogPluginManager: Mounting plugin MagicLeapMedia
LogPluginManager: Mounting plugin AndroidMedia
LogPluginManager: Mounting plugin AvfMedia
LogPluginManager: Mounting plugin ImgMedia
LogPluginManager: Mounting plugin LinearTimecode
LogPluginManager: Mounting plugin MediaCompositing
LogPluginManager: Mounting plugin MediaPlayerEditor
LogPluginManager: Mounting plugin WebMMedia
LogPluginManager: Mounting plugin WmfMedia
LogPluginManager: Mounting plugin TcpMessaging
LogPluginManager: Mounting plugin UdpMessaging
LogPluginManager: Mounting plugin ActorSequence
LogPluginManager: Mounting plugin LevelSequenceEditor
LogPluginManager: Mounting plugin MatineeToLevelSequence
LogPluginManager: Mounting plugin NetcodeUnitTest
LogPluginManager: Mounting plugin NUTUnrealEngine4
LogPluginManager: Mounting plugin OnlineSubsystemGooglePlay
LogPluginManager: Mounting plugin OnlineSubsystemIOS
LogPluginManager: Mounting plugin OnlineSubsystem
LogPluginManager: Mounting plugin OnlineSubsystemNull
LogPluginManager: Mounting plugin OnlineSubsystemUtils
LogPluginManager: Mounting plugin LauncherChunkInstaller
LogPluginManager: Mounting plugin AndroidDeviceProfileSelector
LogPluginManager: Mounting plugin AndroidMoviePlayer
LogPluginManager: Mounting plugin AndroidPermission
LogPluginManager: Mounting plugin AppleMoviePlayer
LogPluginManager: Mounting plugin ArchVisCharacter
LogPluginManager: Mounting plugin AudioCapture
LogPluginManager: Mounting plugin CableComponent
LogPluginManager: Mounting plugin CustomMeshComponent
LogPluginManager: Mounting plugin EditableMesh
LogPluginManager: Mounting plugin ExampleDeviceProfileSelector
LogPluginManager: Mounting plugin Firebase
LogPluginManager: Mounting plugin GoogleCloudMessaging
LogPluginManager: Mounting plugin IOSDeviceProfileSelector
LogPluginManager: Mounting plugin LinuxDeviceProfileSelector
LogPluginManager: Mounting plugin LocationServicesBPLibrary
LogPluginManager: Mounting plugin MobilePatchingUtils
LogPluginManager: Mounting plugin OculusVR
LogPluginManager: Mounting plugin PhysXVehicles
LogPluginManager: Mounting plugin ProceduralMeshComponent
LogPluginManager: Mounting plugin RuntimePhysXCooking
LogPluginManager: Mounting plugin SignificanceManager
LogPluginManager: Mounting plugin SteamVR
LogPluginManager: Mounting plugin WebMMoviePlayer
LogPluginManager: Mounting plugin WindowsMoviePlayer
LogInit: Using libcurl 7.55.1-DEV
LogInit:  - built for x86_64-pc-win32
LogInit:  - supports SSL with OpenSSL/1.1.1
LogInit:  - supports HTTP deflate (compression) using libz 1.2.8
LogInit:  - other features:
LogInit:      CURL_VERSION_SSL
LogInit:      CURL_VERSION_LIBZ
LogInit:      CURL_VERSION_IPV6
LogInit:      CURL_VERSION_ASYNCHDNS
LogInit:      CURL_VERSION_LARGEFILE
LogInit:      CURL_VERSION_IDN
LogInit:  CurlRequestOptions (configurable via config and command line):
LogInit:  - bVerifyPeer = true  - Libcurl will verify peer certificate
LogInit:  - bUseHttpProxy = false  - Libcurl will NOT use HTTP proxy
LogInit:  - bDontReuseConnections = false  - Libcurl will reuse connections
LogInit:  - MaxHostConnections = 16  - Libcurl will limit the number of connections to a host
LogInit:  - LocalHostAddr = Default
LogInit:  - BufferSize = 65536
LogInit: WinSock: version 1.1 (2.2), MaxSocks=32767, MaxUdp=65467
LogInit: Build: ++UE4+Release-4.22-CL-7053642
LogInit: Engine Version: 4.22.3-7053642+++UE4+Release-4.22
LogInit: Compatible Engine Version: 4.22.0-5660361+++UE4+Release-4.22
LogInit: Net CL: 5660361
LogInit: OS: Windows 10 (Release 1809) (), CPU: Intel(R) Core(TM) i7-7500U CPU @ 2.70GHz, GPU: Intel(R) HD Graphics 620
LogInit: Compiled (64-bit): Jun 18 2019 03:09:11
LogInit: Compiled with Visual C++: 19.16.27025.01
LogInit: Build Configuration: Development
LogInit: Branch Name: ++UE4+Release-4.22
LogInit: Command Line: 
LogInit: Base Directory: C:/Program Files/Epic Games/UE_4.22/Engine/Binaries/Win64/
LogInit: Installed Engine Build: 1
LogDevObjectVersion: Number of dev versions registered: 23
LogDevObjectVersion:   Dev-Blueprints (B0D832E4-1F89-4F0D-ACCF-7EB736FD4AA2): 10
LogDevObjectVersion:   Dev-Build (E1C64328-A22C-4D53-A36C-8E866417BD8C): 0
LogDevObjectVersion:   Dev-Core (375EC13C-06E4-48FB-B500-84F0262A717E): 3
LogDevObjectVersion:   Dev-Editor (E4B068ED-F494-42E9-A231-DA0B2E46BB41): 30
LogDevObjectVersion:   Dev-Framework (CFFC743F-43B0-4480-9391-14DF171D2073): 35
LogDevObjectVersion:   Dev-Mobile (B02B49B5-BB20-44E9-A304-32B752E40360): 2
LogDevObjectVersion:   Dev-Networking (A4E4105C-59A1-49B5-A7C5-40C4547EDFEE): 0
LogDevObjectVersion:   Dev-Online (39C831C9-5AE6-47DC-9A44-9C173E1C8E7C): 0
LogDevObjectVersion:   Dev-Physics (78F01B33-EBEA-4F98-B9B4-84EACCB95AA2): 0
LogDevObjectVersion:   Dev-Platform (6631380F-2D4D-43E0-8009-CF276956A95A): 0
LogDevObjectVersion:   Dev-Rendering (12F88B9F-8875-4AFC-A67C-D90C383ABD29): 28
LogDevObjectVersion:   Dev-Sequencer (7B5AE74C-D270-4C10-A958-57980B212A5A): 11
LogDevObjectVersion:   Dev-VR (D7296918-1DD6-4BDD-9DE2-64A83CC13884): 2
LogDevObjectVersion:   Dev-LoadTimes (C2A15278-BFE7-4AFE-6C17-90FF531DF755): 1
LogDevObjectVersion:   Private-Geometry (6EACA3D4-40EC-4CC1-B786-8BED09428FC5): 3
LogDevObjectVersion:   Dev-AnimPhys (29E575DD-E0A3-4627-9D10-D276232CDCEA): 17
LogDevObjectVersion:   Dev-Anim (AF43A65D-7FD3-4947-9873-3E8ED9C1BB05): 2
LogDevObjectVersion:   Dev-ReflectionCapture (6B266CEC-1EC7-4B8F-A30B-E4D90942FC07): 1
LogDevObjectVersion:   Dev-Automation (0DF73D61-A23F-47EA-B727-89E90C41499A): 1
LogDevObjectVersion:   FortniteMain (601D1886-AC64-4F84-AA16-D3DE0DEAC7D6): 25
LogDevObjectVersion:   Dev-Enterprise (9DFFBCD6-494F-0158-E221-12823C92A888): 6
LogDevObjectVersion:   Dev-Niagara (F2AED0AC-9AFE-416F-8664-AA7FFA26D6FC): 1
LogDevObjectVersion:   Dev-Destruction (174F1F0B-B4C6-45A5-B13F-2EE8D0FB917D): 2
LogInit: Presizing for max 16777216 objects, including 0 objects not considered by GC, pre-allocating 0 bytes for permanent pool.
LogInit: Object subsystem initialized
LogConfig: Setting CVar [[con.DebugEarlyDefault:1]]
LogConfig: Setting CVar [[r.setres:1280x720]]
[2020.02.01-21.49.05:347][  0]LogConfig: Setting CVar [[r.VSync:0]]
[2020.02.01-21.49.05:347][  0]LogConfig: Setting CVar [[r.RHICmdBypass:0]]
[2020.02.01-21.49.05:347][  0]LogConfig: Applying CVar settings from Section [/Script/Engine.RendererSettings] File [D:/Documents/Unreal Projects/StationRepair/Saved/Config/Windows/Engine.ini]
[2020.02.01-21.49.05:347][  0]LogConfig: Setting CVar [[r.GPUCrashDebugging:0]]
[2020.02.01-21.49.05:347][  0]LogConfig: Setting CVar [[r.DefaultFeature.AutoExposure.ExtendDefaultLuminanceRange:1]]
[2020.02.01-21.49.05:347][  0]LogConfig: Applying CVar settings from Section [/Script/Engine.RendererOverrideSettings] File [D:/Documents/Unreal Projects/StationRepair/Saved/Config/Windows/Engine.ini]
[2020.02.01-21.49.05:347][  0]LogConfig: Applying CVar settings from Section [/Script/Engine.StreamingSettings] File [D:/Documents/Unreal Projects/StationRepair/Saved/Config/Windows/Engine.ini]
[2020.02.01-21.49.05:347][  0]LogConfig: Setting CVar [[s.MinBulkDataSizeForAsyncLoading:131072]]
[2020.02.01-21.49.05:347][  0]LogConfig: Setting CVar [[s.AsyncLoadingThreadEnabled:0]]
[2020.02.01-21.49.05:347][  0]LogConfig: Setting CVar [[s.EventDrivenLoaderEnabled:1]]
[2020.02.01-21.49.05:347][  0]LogConfig: Setting CVar [[s.WarnIfTimeLimitExceeded:0]]
[2020.02.01-21.49.05:347][  0]LogConfig: Setting CVar [[s.TimeLimitExceededMultiplier:1.5]]
[2020.02.01-21.49.05:347][  0]LogConfig: Setting CVar [[s.TimeLimitExceededMinTime:0.005]]
[2020.02.01-21.49.05:347][  0]LogConfig: Setting CVar [[s.UseBackgroundLevelStreaming:1]]
[2020.02.01-21.49.05:347][  0]LogConfig: Setting CVar [[s.PriorityAsyncLoadingExtraTime:15.0]]
[2020.02.01-21.49.05:347][  0]LogConfig: Setting CVar [[s.LevelStreamingActorsUpdateTimeLimit:5.0]]
[2020.02.01-21.49.05:347][  0]LogConfig: Setting CVar [[s.PriorityLevelStreamingActorsUpdateExtraTime:5.0]]
[2020.02.01-21.49.05:347][  0]LogConfig: Setting CVar [[s.LevelStreamingComponentsRegistrationGranularity:10]]
[2020.02.01-21.49.05:347][  0]LogConfig: Setting CVar [[s.UnregisterComponentsTimeLimit:1.0]]
[2020.02.01-21.49.05:347][  0]LogConfig: Setting CVar [[s.LevelStreamingComponentsUnregistrationGranularity:5]]
[2020.02.01-21.49.05:347][  0]LogConfig: Applying CVar settings from Section [/Script/Engine.GarbageCollectionSettings] File [D:/Documents/Unreal Projects/StationRepair/Saved/Config/Windows/Engine.ini]
[2020.02.01-21.49.05:347][  0]LogConfig: Setting CVar [[gc.MaxObjectsNotConsideredByGC:1]]
[2020.02.01-21.49.05:347][  0]LogConfig: Setting CVar [[gc.SizeOfPermanentObjectPool:0]]
[2020.02.01-21.49.05:347][  0]LogConfig: Setting CVar [[gc.FlushStreamingOnGC:0]]
[2020.02.01-21.49.05:347][  0]LogConfig: Setting CVar [[gc.NumRetriesBeforeForcingGC:10]]
[2020.02.01-21.49.05:347][  0]LogConfig: Setting CVar [[gc.AllowParallelGC:1]]
[2020.02.01-21.49.05:347][  0]LogConfig: Setting CVar [[gc.TimeBetweenPurgingPendingKillObjects:61.1]]
[2020.02.01-21.49.05:347][  0]LogConfig: Setting CVar [[gc.MaxObjectsInEditor:16777216]]
[2020.02.01-21.49.05:347][  0]LogConfig: Setting CVar [[gc.IncrementalBeginDestroyEnabled:1]]
[2020.02.01-21.49.05:347][  0]LogConfig: Setting CVar [[gc.CreateGCClusters:1]]
[2020.02.01-21.49.05:347][  0]LogConfig: Setting CVar [[gc.MinGCClusterSize:5]]
[2020.02.01-21.49.05:347][  0]LogConfig: Setting CVar [[gc.ActorClusteringEnabled:0]]
[2020.02.01-21.49.05:347][  0]LogConfig: Setting CVar [[gc.BlueprintClusteringEnabled:0]]
[2020.02.01-21.49.05:347][  0]LogConfig: Setting CVar [[gc.UseDisregardForGCOnDedicatedServers:0]]
[2020.02.01-21.49.05:347][  0]LogConfig: Applying CVar settings from Section [/Script/Engine.NetworkSettings] File [D:/Documents/Unreal Projects/StationRepair/Saved/Config/Windows/Engine.ini]
[2020.02.01-21.49.05:347][  0]LogConfig: Applying CVar settings from Section [/Script/UnrealEd.CookerSettings] File [D:/Documents/Unreal Projects/StationRepair/Saved/Config/Windows/Engine.ini]
[2020.02.01-21.49.05:350][  0]LogConfig: Applying CVar settings from Section [ViewDistanceQuality@3] File [D:/Documents/Unreal Projects/StationRepair/Saved/Config/Windows/Scalability.ini]
[2020.02.01-21.49.05:350][  0]LogConfig: Setting CVar [[r.SkeletalMeshLODBias:0]]
[2020.02.01-21.49.05:350][  0]LogConfig: Setting CVar [[r.ViewDistanceScale:1.0]]
[2020.02.01-21.49.05:350][  0]LogConfig: Applying CVar settings from Section [AntiAliasingQuality@3] File [D:/Documents/Unreal Projects/StationRepair/Saved/Config/Windows/Scalability.ini]
[2020.02.01-21.49.05:350][  0]LogConfig: Setting CVar [[r.PostProcessAAQuality:4]]
[2020.02.01-21.49.05:350][  0]LogConfig: Applying CVar settings from Section [ShadowQuality@3] File [D:/Documents/Unreal Projects/StationRepair/Saved/Config/Windows/Scalability.ini]
[2020.02.01-21.49.05:350][  0]LogConfig: Setting CVar [[r.LightFunctionQuality:1]]
[2020.02.01-21.49.05:350][  0]LogConfig: Setting CVar [[r.ShadowQuality:5]]
[2020.02.01-21.49.05:350][  0]LogConfig: Setting CVar [[r.Shadow.CSM.MaxCascades:10]]
[2020.02.01-21.49.05:350][  0]LogConfig: Setting CVar [[r.Shadow.MaxResolution:2048]]
[2020.02.01-21.49.05:350][  0]LogConfig: Setting CVar [[r.Shadow.MaxCSMResolution:2048]]
[2020.02.01-21.49.05:350][  0]LogConfig: Setting CVar [[r.Shadow.RadiusThreshold:0.01]]
[2020.02.01-21.49.05:350][  0]LogConfig: Setting CVar [[r.Shadow.DistanceScale:1.0]]
[2020.02.01-21.49.05:350][  0]LogConfig: Setting CVar [[r.Shadow.CSM.TransitionScale:1.0]]
[2020.02.01-21.49.05:350][  0]LogConfig: Setting CVar [[r.Shadow.PreShadowResolutionFactor:1.0]]
[2020.02.01-21.49.05:350][  0]LogConfig: Setting CVar [[r.DistanceFieldShadowing:1]]
[2020.02.01-21.49.05:350][  0]LogConfig: Setting CVar [[r.DistanceFieldAO:1]]
[2020.02.01-21.49.05:350][  0]LogConfig: Setting CVar [[r.AOQuality:2]]
[2020.02.01-21.49.05:350][  0]LogConfig: Setting CVar [[r.VolumetricFog:1]]
[2020.02.01-21.49.05:350][  0]LogConfig: Setting CVar [[r.VolumetricFog.GridPixelSize:8]]
[2020.02.01-21.49.05:350][  0]LogConfig: Setting CVar [[r.VolumetricFog.GridSizeZ:128]]
[2020.02.01-21.49.05:350][  0]LogConfig: Setting CVar [[r.VolumetricFog.HistoryMissSupersampleCount:4]]
[2020.02.01-21.49.05:350][  0]LogConfig: Setting CVar [[r.LightMaxDrawDistanceScale:1]]
[2020.02.01-21.49.05:350][  0]LogConfig: Setting CVar [[r.CapsuleShadows:1]]
[2020.02.01-21.49.05:350][  0]LogConfig: Applying CVar settings from Section [PostProcessQuality@3] File [D:/Documents/Unreal Projects/StationRepair/Saved/Config/Windows/Scalability.ini]
[2020.02.01-21.49.05:350][  0]LogConfig: Setting CVar [[r.MotionBlurQuality:4]]
[2020.02.01-21.49.05:350][  0]LogConfig: Setting CVar [[r.AmbientOcclusionMipLevelFactor:0.4]]
[2020.02.01-21.49.05:350][  0]LogConfig: Setting CVar [[r.AmbientOcclusionMaxQuality:100]]
[2020.02.01-21.49.05:350][  0]LogConfig: Setting CVar [[r.AmbientOcclusionLevels:-1]]
[2020.02.01-21.49.05:350][  0]LogConfig: Setting CVar [[r.AmbientOcclusionRadiusScale:1.0]]
[2020.02.01-21.49.05:350][  0]LogConfig: Setting CVar [[r.DepthOfFieldQuality:2]]
[2020.02.01-21.49.05:350][  0]LogConfig: Setting CVar [[r.RenderTargetPoolMin:400]]
[2020.02.01-21.49.05:350][  0]LogConfig: Setting CVar [[r.LensFlareQuality:2]]
[2020.02.01-21.49.05:350][  0]LogConfig: Setting CVar [[r.SceneColorFringeQuality:1]]
[2020.02.01-21.49.05:350][  0]LogConfig: Setting CVar [[r.EyeAdaptationQuality:2]]
[2020.02.01-21.49.05:350][  0]LogConfig: Setting CVar [[r.BloomQuality:5]]
[2020.02.01-21.49.05:350][  0]LogConfig: Setting CVar [[r.FastBlurThreshold:100]]
[2020.02.01-21.49.05:350][  0]LogConfig: Setting CVar [[r.Upscale.Quality:3]]
[2020.02.01-21.49.05:350][  0]LogConfig: Setting CVar [[r.Tonemapper.GrainQuantization:1]]
[2020.02.01-21.49.05:350][  0]LogConfig: Setting CVar [[r.LightShaftQuality:1]]
[2020.02.01-21.49.05:350][  0]LogConfig: Setting CVar [[r.Filter.SizeScale:1]]
[2020.02.01-21.49.05:350][  0]LogConfig: Setting CVar [[r.Tonemapper.Quality:5]]
[2020.02.01-21.49.05:350][  0]LogConfig: Setting CVar [[r.DOF.Gather.AccumulatorQuality:1        ; higher gathering accumulator quality]]
[2020.02.01-21.49.05:350][  0]LogConfig: Setting CVar [[r.DOF.Gather.PostfilterMethod:1          ; Median3x3 postfilering method]]
[2020.02.01-21.49.05:350][  0]LogConfig: Setting CVar [[r.DOF.Gather.EnableBokehSettings:0       ; no bokeh simulation when gathering]]
[2020.02.01-21.49.05:350][  0]LogConfig: Setting CVar [[r.DOF.Gather.RingCount:4                 ; medium number of samples when gathering]]
[2020.02.01-21.49.05:350][  0]LogConfig: Setting CVar [[r.DOF.Scatter.ForegroundCompositing:1    ; additive foreground scattering]]
[2020.02.01-21.49.05:350][  0]LogConfig: Setting CVar [[r.DOF.Scatter.BackgroundCompositing:2    ; additive background scattering]]
[2020.02.01-21.49.05:350][  0]LogConfig: Setting CVar [[r.DOF.Scatter.EnableBokehSettings:1      ; bokeh simulation when scattering]]
[2020.02.01-21.49.05:350][  0]LogConfig: Setting CVar [[r.DOF.Scatter.MaxSpriteRatio:0.1         ; only a maximum of 10% of scattered bokeh]]
[2020.02.01-21.49.05:350][  0]LogConfig: Setting CVar [[r.DOF.Recombine.Quality:1                ; cheap slight out of focus]]
[2020.02.01-21.49.05:350][  0]LogConfig: Setting CVar [[r.DOF.Recombine.EnableBokehSettings:0    ; no bokeh simulation on slight out of focus]]
[2020.02.01-21.49.05:350][  0]LogConfig: Setting CVar [[r.DOF.TemporalAAQuality:1                ; more stable temporal accumulation]]
[2020.02.01-21.49.05:350][  0]LogConfig: Setting CVar [[r.DOF.Kernel.MaxForegroundRadius:0.025]]
[2020.02.01-21.49.05:350][  0]LogConfig: Setting CVar [[r.DOF.Kernel.MaxBackgroundRadius:0.025]]
[2020.02.01-21.49.05:350][  0]LogConfig: Applying CVar settings from Section [TextureQuality@3] File [D:/Documents/Unreal Projects/StationRepair/Saved/Config/Windows/Scalability.ini]
[2020.02.01-21.49.05:350][  0]LogConfig: Setting CVar [[r.Streaming.MipBias:0]]
[2020.02.01-21.49.05:351][  0]LogConfig: Setting CVar [[r.Streaming.AmortizeCPUToGPUCopy:0]]
[2020.02.01-21.49.05:351][  0]LogConfig: Setting CVar [[r.Streaming.MaxNumTexturesToStreamPerFrame:0]]
[2020.02.01-21.49.05:351][  0]LogConfig: Setting CVar [[r.Streaming.Boost:1]]
[2020.02.01-21.49.05:351][  0]LogConfig: Setting CVar [[r.MaxAnisotropy:8]]
[2020.02.01-21.49.05:351][  0]LogConfig: Setting CVar [[r.Streaming.LimitPoolSizeToVRAM:0]]
[2020.02.01-21.49.05:351][  0]LogConfig: Setting CVar [[r.Streaming.PoolSize:1000]]
[2020.02.01-21.49.05:351][  0]LogConfig: Setting CVar [[r.Streaming.MaxEffectiveScreenSize:0]]
[2020.02.01-21.49.05:351][  0]LogConfig: Applying CVar settings from Section [EffectsQuality@3] File [D:/Documents/Unreal Projects/StationRepair/Saved/Config/Windows/Scalability.ini]
[2020.02.01-21.49.05:351][  0]LogConfig: Setting CVar [[r.TranslucencyLightingVolumeDim:64]]
[2020.02.01-21.49.05:351][  0]LogConfig: Setting CVar [[r.RefractionQuality:2]]
[2020.02.01-21.49.05:351][  0]LogConfig: Setting CVar [[r.SSR.Quality:3]]
[2020.02.01-21.49.05:351][  0]LogConfig: Setting CVar [[r.SceneColorFormat:4]]
[2020.02.01-21.49.05:351][  0]LogConfig: Setting CVar [[r.DetailMode:2]]
[2020.02.01-21.49.05:351][  0]LogConfig: Setting CVar [[r.TranslucencyVolumeBlur:1]]
[2020.02.01-21.49.05:351][  0]LogConfig: Setting CVar [[r.MaterialQualityLevel:1 ; High quality]]
[2020.02.01-21.49.05:351][  0]LogConfig: Setting CVar [[r.SSS.Scale:1]]
[2020.02.01-21.49.05:351][  0]LogConfig: Setting CVar [[r.SSS.SampleSet:2]]
[2020.02.01-21.49.05:351][  0]LogConfig: Setting CVar [[r.SSS.Quality:1]]
[2020.02.01-21.49.05:351][  0]LogConfig: Setting CVar [[r.SSS.HalfRes:1]]
[2020.02.01-21.49.05:351][  0]LogConfig: Setting CVar [[r.EmitterSpawnRateScale:1.0]]
[2020.02.01-21.49.05:351][  0]LogConfig: Setting CVar [[r.ParticleLightQuality:2]]
[2020.02.01-21.49.05:351][  0]LogConfig: Applying CVar settings from Section [FoliageQuality@3] File [D:/Documents/Unreal Projects/StationRepair/Saved/Config/Windows/Scalability.ini]
[2020.02.01-21.49.05:351][  0]LogConfig: Setting CVar [[foliage.DensityScale:1.0]]
[2020.02.01-21.49.05:351][  0]LogConfig: Setting CVar [[grass.DensityScale:1.0]]
[2020.02.01-21.49.05:351][  0]LogInit: Selected Device Profile: [Windows]
[2020.02.01-21.49.05:351][  0]LogInit: Applying CVar settings loaded from the selected device profile: [Windows]
[2020.02.01-21.49.05:369][  0]LogHAL: Display: Platform has ~ 8 GB [8471437312 / 8589934592 / 8], which maps to Default [LargestMinGB=32, LargerMinGB=12, DefaultMinGB=8, SmallerMinGB=6, SmallestMinGB=0)
[2020.02.01-21.49.05:370][  0]LogConfig: Setting CVar [[r.Vulkan.UseRealUBs:0		; Required until we fix HLR fall-out]]
[2020.02.01-21.49.05:370][  0]LogInit: Going up to parent DeviceProfile []
[2020.02.01-21.49.05:370][  0]LogConfig: Applying CVar settings from Section [ViewDistanceQuality@1] File [D:/Documents/Unreal Projects/StationRepair/Saved/Config/Windows/Scalability.ini]
[2020.02.01-21.49.05:370][  0]LogConfig: Setting CVar [[r.SkeletalMeshLODBias:1]]
[2020.02.01-21.49.05:370][  0]LogConfig: Setting CVar [[r.ViewDistanceScale:0.6]]
[2020.02.01-21.49.05:370][  0]LogConfig: Applying CVar settings from Section [AntiAliasingQuality@1] File [D:/Documents/Unreal Projects/StationRepair/Saved/Config/Windows/Scalability.ini]
[2020.02.01-21.49.05:370][  0]LogConfig: Setting CVar [[r.PostProcessAAQuality:2]]
[2020.02.01-21.49.05:370][  0]LogConfig: Applying CVar settings from Section [ShadowQuality@1] File [D:/Documents/Unreal Projects/StationRepair/Saved/Config/Windows/Scalability.ini]
[2020.02.01-21.49.05:370][  0]LogConfig: Setting CVar [[r.LightFunctionQuality:1]]
[2020.02.01-21.49.05:370][  0]LogConfig: Setting CVar [[r.ShadowQuality:3]]
[2020.02.01-21.49.05:370][  0]LogConfig: Setting CVar [[r.Shadow.CSM.MaxCascades:1]]
[2020.02.01-21.49.05:370][  0]LogConfig: Setting CVar [[r.Shadow.MaxResolution:1024]]
[2020.02.01-21.49.05:370][  0]LogConfig: Setting CVar [[r.Shadow.MaxCSMResolution:1024]]
[2020.02.01-21.49.05:370][  0]LogConfig: Setting CVar [[r.Shadow.RadiusThreshold:0.05]]
[2020.02.01-21.49.05:370][  0]LogConfig: Setting CVar [[r.Shadow.DistanceScale:0.7]]
[2020.02.01-21.49.05:370][  0]LogConfig: Setting CVar [[r.Shadow.CSM.TransitionScale:0.25]]
[2020.02.01-21.49.05:370][  0]LogConfig: Setting CVar [[r.Shadow.PreShadowResolutionFactor:0.5]]
[2020.02.01-21.49.05:370][  0]LogConfig: Setting CVar [[r.DistanceFieldShadowing:0]]
[2020.02.01-21.49.05:370][  0]LogConfig: Setting CVar [[r.DistanceFieldAO:0]]
[2020.02.01-21.49.05:370][  0]LogConfig: Setting CVar [[r.VolumetricFog:0]]
[2020.02.01-21.49.05:370][  0]LogConfig: Setting CVar [[r.LightMaxDrawDistanceScale:.5]]
[2020.02.01-21.49.05:370][  0]LogConfig: Setting CVar [[r.CapsuleShadows:1]]
[2020.02.01-21.49.05:370][  0]LogConfig: Applying CVar settings from Section [PostProcessQuality@1] File [D:/Documents/Unreal Projects/StationRepair/Saved/Config/Windows/Scalability.ini]
[2020.02.01-21.49.05:370][  0]LogConfig: Setting CVar [[r.MotionBlurQuality:3]]
[2020.02.01-21.49.05:370][  0]LogConfig: Setting CVar [[r.AmbientOcclusionMipLevelFactor:1.0]]
[2020.02.01-21.49.05:370][  0]LogConfig: Setting CVar [[r.AmbientOcclusionMaxQuality:60]]
[2020.02.01-21.49.05:370][  0]LogConfig: Setting CVar [[r.AmbientOcclusionLevels:-1]]
[2020.02.01-21.49.05:370][  0]LogConfig: Setting CVar [[r.AmbientOcclusionRadiusScale:1.5]]
[2020.02.01-21.49.05:370][  0]LogConfig: Setting CVar [[r.DepthOfFieldQuality:1]]
[2020.02.01-21.49.05:370][  0]LogConfig: Setting CVar [[r.RenderTargetPoolMin:350]]
[2020.02.01-21.49.05:370][  0]LogConfig: Setting CVar [[r.LensFlareQuality:0]]
[2020.02.01-21.49.05:370][  0]LogConfig: Setting CVar [[r.SceneColorFringeQuality:0]]
[2020.02.01-21.49.05:370][  0]LogConfig: Setting CVar [[r.EyeAdaptationQuality:0]]
[2020.02.01-21.49.05:370][  0]LogConfig: Setting CVar [[r.BloomQuality:4]]
[2020.02.01-21.49.05:370][  0]LogConfig: Setting CVar [[r.FastBlurThreshold:2]]
[2020.02.01-21.49.05:370][  0]LogConfig: Setting CVar [[r.Upscale.Quality:2]]
[2020.02.01-21.49.05:370][  0]LogConfig: Setting CVar [[r.Tonemapper.GrainQuantization:0]]
[2020.02.01-21.49.05:370][  0]LogConfig: Setting CVar [[r.LightShaftQuality:0]]
[2020.02.01-21.49.05:370][  0]LogConfig: Setting CVar [[r.Filter.SizeScale:0.7]]
[2020.02.01-21.49.05:370][  0]LogConfig: Setting CVar [[r.Tonemapper.Quality:2]]
[2020.02.01-21.49.05:370][  0]LogConfig: Setting CVar [[r.DOF.Gather.AccumulatorQuality:0        ; lower gathering accumulator quality]]
[2020.02.01-21.49.05:370][  0]LogConfig: Setting CVar [[r.DOF.Gather.PostfilterMethod:2          ; Max3x3 postfilering method]]
[2020.02.01-21.49.05:370][  0]LogConfig: Setting CVar [[r.DOF.Gather.EnableBokehSettings:0       ; no bokeh simulation when gathering]]
[2020.02.01-21.49.05:370][  0]LogConfig: Setting CVar [[r.DOF.Gather.RingCount:3                 ; low number of samples when gathering]]
[2020.02.01-21.49.05:370][  0]LogConfig: Setting CVar [[r.DOF.Scatter.ForegroundCompositing:0    ; no foreground scattering]]
[2020.02.01-21.49.05:370][  0]LogConfig: Setting CVar [[r.DOF.Scatter.BackgroundCompositing:0    ; no foreground scattering]]
[2020.02.01-21.49.05:370][  0]LogConfig: Setting CVar [[r.DOF.Recombine.Quality:0                ; no slight out of focus]]
[2020.02.01-21.49.05:370][  0]LogConfig: Setting CVar [[r.DOF.TemporalAAQuality:0                ; faster temporal accumulation]]
[2020.02.01-21.49.05:370][  0]LogConfig: Setting CVar [[r.DOF.Kernel.MaxForegroundRadius:0.006   ; required because low gathering and no scattering and not looking great at 1080p]]
[2020.02.01-21.49.05:370][  0]LogConfig: Setting CVar [[r.DOF.Kernel.MaxBackgroundRadius:0.006   ; required because low gathering and no scattering and not looking great at 1080p]]
[2020.02.01-21.49.05:370][  0]LogConfig: Applying CVar settings from Section [TextureQuality@1] File [D:/Documents/Unreal Projects/StationRepair/Saved/Config/Windows/Scalability.ini]
[2020.02.01-21.49.05:370][  0]LogConfig: Setting CVar [[r.Streaming.MipBias:1]]
[2020.02.01-21.49.05:370][  0]LogConfig: Setting CVar [[r.Streaming.AmortizeCPUToGPUCopy:0]]
[2020.02.01-21.49.05:370][  0]LogConfig: Setting CVar [[r.Streaming.MaxNumTexturesToStreamPerFrame:0]]
[2020.02.01-21.49.05:370][  0]LogConfig: Setting CVar [[r.Streaming.Boost:1]]
[2020.02.01-21.49.05:370][  0]LogConfig: Setting CVar [[r.MaxAnisotropy:2]]
[2020.02.01-21.49.05:370][  0]LogConfig: Setting CVar [[r.Streaming.LimitPoolSizeToVRAM:1]]
[2020.02.01-21.49.05:370][  0]LogConfig: Setting CVar [[r.Streaming.PoolSize:600]]
[2020.02.01-21.49.05:370][  0]LogConfig: Setting CVar [[r.Streaming.MaxEffectiveScreenSize:0]]
[2020.02.01-21.49.05:370][  0]LogConfig: Applying CVar settings from Section [EffectsQuality@1] File [D:/Documents/Unreal Projects/StationRepair/Saved/Config/Windows/Scalability.ini]
[2020.02.01-21.49.05:370][  0]LogConfig: Setting CVar [[r.TranslucencyLightingVolumeDim:32]]
[2020.02.01-21.49.05:370][  0]LogConfig: Setting CVar [[r.RefractionQuality:0]]
[2020.02.01-21.49.05:370][  0]LogConfig: Setting CVar [[r.SSR.Quality:0]]
[2020.02.01-21.49.05:370][  0]LogConfig: Setting CVar [[r.SceneColorFormat:3]]
[2020.02.01-21.49.05:370][  0]LogConfig: Setting CVar [[r.DetailMode:1]]
[2020.02.01-21.49.05:370][  0]LogConfig: Setting CVar [[r.TranslucencyVolumeBlur:0]]
[2020.02.01-21.49.05:370][  0]LogConfig: Setting CVar [[r.MaterialQualityLevel:2 ; Medium quality]]
[2020.02.01-21.49.05:370][  0]LogConfig: Setting CVar [[r.SSS.Scale:0.75]]
[2020.02.01-21.49.05:370][  0]LogConfig: Setting CVar [[r.SSS.SampleSet:0]]
[2020.02.01-21.49.05:370][  0]LogConfig: Setting CVar [[r.SSS.Quality:0]]
[2020.02.01-21.49.05:371][  0]LogConfig: Setting CVar [[r.SSS.HalfRes:1]]
[2020.02.01-21.49.05:371][  0]LogConfig: Setting CVar [[r.EmitterSpawnRateScale:0.25]]
[2020.02.01-21.49.05:371][  0]LogConfig: Setting CVar [[r.ParticleLightQuality:0]]
[2020.02.01-21.49.05:371][  0]LogConfig: Applying CVar settings from Section [FoliageQuality@1] File [D:/Documents/Unreal Projects/StationRepair/Saved/Config/Windows/Scalability.ini]
[2020.02.01-21.49.05:371][  0]LogConfig: Setting CVar [[foliage.DensityScale:0.4]]
[2020.02.01-21.49.05:371][  0]LogConfig: Setting CVar [[grass.DensityScale:0.4]]
[2020.02.01-21.49.05:371][  0]LogConfig: Applying CVar settings from Section [Startup] File [../../../Engine/Config/ConsoleVariables.ini]
[2020.02.01-21.49.05:371][  0]LogConfig: Setting CVar [[net.UseAdaptiveNetUpdateFrequency:0]]
[2020.02.01-21.49.05:371][  0]LogConfig: Setting CVar [[p.chaos.AllowCreatePhysxBodies:1]]
[2020.02.01-21.49.05:371][  0]LogConfig: Applying CVar settings from Section [ConsoleVariables] File [D:/Documents/Unreal Projects/StationRepair/Saved/Config/Windows/Engine.ini]
[2020.02.01-21.49.05:371][  0]LogInit: Computer: DESKTOP-K8IEGHB
[2020.02.01-21.49.05:371][  0]LogInit: User: jaket
[2020.02.01-21.49.05:371][  0]LogInit: CPU Page size=4096, Cores=2
[2020.02.01-21.49.05:371][  0]LogInit: High frequency timer resolution =10.000000 MHz
[2020.02.01-21.49.05:371][  0]LogMemory: Memory total: Physical=7.9GB (8GB approx)
[2020.02.01-21.49.05:371][  0]LogMemory: Platform Memory Stats for Windows
[2020.02.01-21.49.05:371][  0]LogMemory: Process Physical Memory: 97.00 MB used, 97.01 MB peak
[2020.02.01-21.49.05:371][  0]LogMemory: Process Virtual Memory: 91.85 MB used, 91.85 MB peak
[2020.02.01-21.49.05:371][  0]LogMemory: Physical Memory: 3701.54 MB used,  4377.45 MB free, 8078.99 MB total
[2020.02.01-21.49.05:371][  0]LogMemory: Virtual Memory: 4628.87 MB used,  134213096.00 MB free, 134217728.00 MB total
[2020.02.01-21.49.05:392][  0]LogInit: Using OS detected language (en-US).
[2020.02.01-21.49.05:392][  0]LogInit: Using OS detected locale (en-CA).
[2020.02.01-21.49.05:393][  0]LogTextLocalizationManager: No specific localization for 'en-US' exists, so the 'en' localization will be used.
[2020.02.01-21.49.05:542][  0]LogInit: Setting process to per monitor DPI aware
[2020.02.01-21.49.05:591][  0]LogSlate: New Slate User Created.  User Index 0, Is Virtual User: 0
[2020.02.01-21.49.05:591][  0]LogSlate: Slate User Registered.  User Index 0, Is Virtual User: 0
[2020.02.01-21.49.05:829][  0]LogHMD: Failed to initialize OpenVR with code 110
[2020.02.01-21.49.05:829][  0]LogD3D11RHI: D3D11 adapters:
[2020.02.01-21.49.05:921][  0]LogD3D11RHI:    0. 'Intel(R) HD Graphics 620' (Feature Level 11_0)
[2020.02.01-21.49.05:921][  0]LogD3D11RHI:       128/0/4039 MB DedicatedVideo/DedicatedSystem/SharedSystem, Outputs:1, VendorId:0x8086
[2020.02.01-21.49.05:923][  0]LogD3D11RHI:    1. 'Microsoft Basic Render Driver' (Feature Level 11_0)
[2020.02.01-21.49.05:923][  0]LogD3D11RHI:       0/0/4039 MB DedicatedVideo/DedicatedSystem/SharedSystem, Outputs:0, VendorId:0x1414
[2020.02.01-21.49.05:923][  0]LogD3D11RHI: Chosen D3D11 Adapter: 0
[2020.02.01-21.49.05:929][  0]LogD3D11RHI: Creating new Direct3DDevice
[2020.02.01-21.49.05:929][  0]LogD3D11RHI:     GPU DeviceId: 0x5916 (for the marketing name, search the web for "GPU Device Id")
[2020.02.01-21.49.05:929][  0]LogWindows: EnumDisplayDevices:
[2020.02.01-21.49.05:930][  0]LogWindows:    0. 'Intel(R) HD Graphics 620' (P:1 D:1)
[2020.02.01-21.49.05:930][  0]LogWindows:    1. 'Intel(R) HD Graphics 620' (P:0 D:0)
[2020.02.01-21.49.05:931][  0]LogWindows:    2. 'Intel(R) HD Graphics 620' (P:0 D:0)
[2020.02.01-21.49.05:931][  0]LogWindows: DebugString: FoundDriverCount:3 
[2020.02.01-21.49.05:931][  0]LogD3D11RHI:     Adapter Name: Intel(R) HD Graphics 620
[2020.02.01-21.49.05:931][  0]LogD3D11RHI:   Driver Version: 23.20.16.4973 (internal:23.20.16.4973, unified:23.20.16.4973)
[2020.02.01-21.49.05:931][  0]LogD3D11RHI:      Driver Date: 2-28-2018
[2020.02.01-21.49.05:931][  0]LogRHI: Texture pool is 1503 MB (70% of 2147 MB)
[2020.02.01-21.49.06:025][  0]LogD3D11RHI: Async texture creation enabled
[2020.02.01-21.49.06:029][  0]LogRendererCore: FGlobalReadBuffer::InitRHI
[2020.02.01-21.49.06:029][  0]LogRendererCore: FGlobalReadBuffer::InitRHI
[2020.02.01-21.49.06:029][  0]LogRendererCore: FGlobalReadBuffer::InitRHI
[2020.02.01-21.49.06:031][  0]LogD3D11RHI: GPU Timing Frequency: 12.000048 (Debug: 2 0)
[2020.02.01-21.49.06:407][  0]LogTemp: Display: Module 'AllDesktopTargetPlatform' loaded TargetPlatform 'AllDesktop'
[2020.02.01-21.49.06:424][  0]LogTemp: Display: Module 'MacClientTargetPlatform' loaded TargetPlatform 'MacClient'
[2020.02.01-21.49.06:437][  0]LogTemp: Display: Module 'MacNoEditorTargetPlatform' loaded TargetPlatform 'MacNoEditor'
[2020.02.01-21.49.06:451][  0]LogTemp: Display: Module 'MacServerTargetPlatform' loaded TargetPlatform 'MacServer'
[2020.02.01-21.49.06:465][  0]LogTemp: Display: Module 'MacTargetPlatform' loaded TargetPlatform 'Mac'
[2020.02.01-21.49.06:479][  0]LogTemp: Display: Module 'WindowsClientTargetPlatform' loaded TargetPlatform 'WindowsClient'
[2020.02.01-21.49.06:493][  0]LogTemp: Display: Module 'WindowsNoEditorTargetPlatform' loaded TargetPlatform 'WindowsNoEditor'
[2020.02.01-21.49.06:507][  0]LogTemp: Display: Module 'WindowsServerTargetPlatform' loaded TargetPlatform 'WindowsServer'
[2020.02.01-21.49.06:514][  0]LogTemp: Display: Module 'WindowsTargetPlatform' loaded TargetPlatform 'Windows'
[2020.02.01-21.49.06:590][  0]LogTemp: Display: Module 'AndroidTargetPlatform' loaded TargetPlatform 'Android'
[2020.02.01-21.49.06:590][  0]LogTemp: Display: Module 'AndroidTargetPlatform' loaded TargetPlatform 'Android_ASTC'
[2020.02.01-21.49.06:590][  0]LogTemp: Display: Module 'AndroidTargetPlatform' loaded TargetPlatform 'Android_ATC'
[2020.02.01-21.49.06:590][  0]LogTemp: Display: Module 'AndroidTargetPlatform' loaded TargetPlatform 'Android_DXT'
[2020.02.01-21.49.06:590][  0]LogTemp: Display: Module 'AndroidTargetPlatform' loaded TargetPlatform 'Android_ETC1'
[2020.02.01-21.49.06:590][  0]LogTemp: Display: Module 'AndroidTargetPlatform' loaded TargetPlatform 'Android_ETC1a'
[2020.02.01-21.49.06:590][  0]LogTemp: Display: Module 'AndroidTargetPlatform' loaded TargetPlatform 'Android_ETC2'
[2020.02.01-21.49.06:590][  0]LogTemp: Display: Module 'AndroidTargetPlatform' loaded TargetPlatform 'Android_PVRTC'
[2020.02.01-21.49.06:590][  0]LogTemp: Display: Module 'AndroidTargetPlatform' loaded TargetPlatform 'AndroidClient'
[2020.02.01-21.49.06:590][  0]LogTemp: Display: Module 'AndroidTargetPlatform' loaded TargetPlatform 'Android_ASTCClient'
[2020.02.01-21.49.06:590][  0]LogTemp: Display: Module 'AndroidTargetPlatform' loaded TargetPlatform 'Android_ATCClient'
[2020.02.01-21.49.06:590][  0]LogTemp: Display: Module 'AndroidTargetPlatform' loaded TargetPlatform 'Android_DXTClient'
[2020.02.01-21.49.06:590][  0]LogTemp: Display: Module 'AndroidTargetPlatform' loaded TargetPlatform 'Android_ETC1Client'
[2020.02.01-21.49.06:590][  0]LogTemp: Display: Module 'AndroidTargetPlatform' loaded TargetPlatform 'Android_ETC1aClient'
[2020.02.01-21.49.06:590][  0]LogTemp: Display: Module 'AndroidTargetPlatform' loaded TargetPlatform 'Android_ETC2Client'
[2020.02.01-21.49.06:590][  0]LogTemp: Display: Module 'AndroidTargetPlatform' loaded TargetPlatform 'Android_PVRTCClient'
[2020.02.01-21.49.06:590][  0]LogTemp: Display: Module 'AndroidTargetPlatform' loaded TargetPlatform 'Android_Multi'
[2020.02.01-21.49.06:590][  0]LogTemp: Display: Module 'AndroidTargetPlatform' loaded TargetPlatform 'Android_MultiClient'
[2020.02.01-21.49.06:592][  0]LogTemp: Display: Module 'HTML5TargetPlatform' loaded TargetPlatform 'HTML5'
[2020.02.01-21.49.06:641][  0]LogTemp: Display: Module 'IOSTargetPlatform' loaded TargetPlatform 'IOSClient'
[2020.02.01-21.49.06:641][  0]LogTemp: Display: Module 'IOSTargetPlatform' loaded TargetPlatform 'IOS'
[2020.02.01-21.49.06:665][  0]LogTemp: Display: Module 'TVOSTargetPlatform' loaded TargetPlatform 'TVOSClient'
[2020.02.01-21.49.06:665][  0]LogTemp: Display: Module 'TVOSTargetPlatform' loaded TargetPlatform 'TVOS'
[2020.02.01-21.49.06:678][  0]LogTemp: Display: Module 'LinuxClientTargetPlatform' loaded TargetPlatform 'LinuxClient'
[2020.02.01-21.49.06:690][  0]LogTemp: Display: Module 'LinuxNoEditorTargetPlatform' loaded TargetPlatform 'LinuxNoEditor'
[2020.02.01-21.49.06:702][  0]LogTemp: Display: Module 'LinuxServerTargetPlatform' loaded TargetPlatform 'LinuxServer'
[2020.02.01-21.49.06:714][  0]LogTemp: Display: Module 'LinuxTargetPlatform' loaded TargetPlatform 'Linux'
[2020.02.01-21.49.06:757][  0]LogTemp: Display: Module 'LuminTargetPlatform' loaded TargetPlatform 'Lumin'
[2020.02.01-21.49.06:757][  0]LogTemp: Display: Module 'LuminTargetPlatform' loaded TargetPlatform 'LuminClient'
[2020.02.01-21.49.06:757][  0]LogTargetPlatformManager: Display: Building Assets For Windows
[2020.02.01-21.49.06:769][  0]LogAudioDebug: Display: Lib vorbis DLL was dynamically loaded.
[2020.02.01-21.49.06:828][  0]LogShaderCompilers: Guid format shader working directory is 4 characters bigger than the processId version (D:/Documents/Unreal Projects/StationRepair/Intermediate/Shaders/WorkingDirectory/4912/).
[2020.02.01-21.49.06:828][  0]LogShaderCompilers: Cleaned the shader compiler working directory 'C:/Users/jaket/AppData/Local/Temp/UnrealShaderWorkingDir/FE73DEE345396F300B44A8AFF503AE7A/'.
[2020.02.01-21.49.06:831][  0]LogXGEController: Cannot use XGE Controller as Incredibuild is not installed on this machine.
[2020.02.01-21.49.06:831][  0]LogShaderCompilers: Cannot use XGE Shader Compiler as Incredibuild is not installed on this machine.
[2020.02.01-21.49.06:831][  0]LogShaderCompilers: Display: Using Local Shader Compiler.
[2020.02.01-21.49.07:376][  0]LogDerivedDataCache: Display: Max Cache Size: 512 MB
[2020.02.01-21.49.07:429][  0]LogDerivedDataCache: Loaded boot cache 0.05s 71MB C:/Users/jaket/AppData/Local/UnrealEngine/4.22/DerivedDataCache/Boot.ddc.
[2020.02.01-21.49.07:429][  0]LogDerivedDataCache: Display: Loaded Boot cache: C:/Users/jaket/AppData/Local/UnrealEngine/4.22/DerivedDataCache/Boot.ddc
[2020.02.01-21.49.07:429][  0]LogDerivedDataCache: FDerivedDataBackendGraph:  Pak pak cache file D:/Documents/Unreal Projects/StationRepair/DerivedDataCache/DDC.ddp not found, will not use a pak cache.
[2020.02.01-21.49.07:429][  0]LogDerivedDataCache: Unable to find inner node Pak for hierarchical cache Hierarchy.
[2020.02.01-21.49.07:429][  0]LogDerivedDataCache: FDerivedDataBackendGraph:  CompressedPak pak cache file D:/Documents/Unreal Projects/StationRepair/DerivedDataCache/Compressed.ddp not found, will not use a pak cache.
[2020.02.01-21.49.07:429][  0]LogDerivedDataCache: Unable to find inner node CompressedPak for hierarchical cache Hierarchy.
[2020.02.01-21.49.07:441][  0]LogDerivedDataCache: Display: Pak cache opened for reading ../../../Engine/DerivedDataCache/Compressed.ddp.
[2020.02.01-21.49.07:441][  0]LogDerivedDataCache: FDerivedDataBackendGraph:  EnterprisePak pak cache file ../../../Enterprise/DerivedDataCache/Compressed.ddp not found, will not use a pak cache.
[2020.02.01-21.49.07:441][  0]LogDerivedDataCache: Unable to find inner node EnterprisePak for hierarchical cache Hierarchy.
[2020.02.01-21.49.07:454][  0]LogDerivedDataCache: Using Local data cache path C:/Users/jaket/AppData/Local/UnrealEngine/Common/DerivedDataCache: Writable
[2020.02.01-21.49.07:454][  0]LogDerivedDataCache: Shared data cache path not found in *engine.ini, will not use an Shared cache.
[2020.02.01-21.49.07:454][  0]LogDerivedDataCache: Unable to find inner node Shared for hierarchical cache Hierarchy.
[2020.02.01-21.49.07:476][  0]LogMaterial: Verifying Global Shaders for PCD3D_SM5
[2020.02.01-21.49.07:477][  0]LogSlate: Using FreeType 2.6.0
[2020.02.01-21.49.07:478][  0]LogSlate: SlateFontServices - WITH_FREETYPE: 1, WITH_HARFBUZZ: 1
[2020.02.01-21.49.07:567][  0]LogAssetRegistry: FAssetRegistry took 0.0328 seconds to start up
[2020.02.01-21.49.07:946][  0]LogInit: Selected Device Profile: [Windows]
[2020.02.01-21.49.08:089][  0]LogMeshReduction: Using QuadricMeshReduction for automatic static mesh reduction
[2020.02.01-21.49.08:089][  0]LogMeshReduction: Using SimplygonMeshReduction for automatic skeletal mesh reduction
[2020.02.01-21.49.08:089][  0]LogMeshReduction: Using ProxyLODMeshReduction for automatic mesh merging
[2020.02.01-21.49.08:089][  0]LogMeshReduction: No distributed automatic mesh merging module available
[2020.02.01-21.49.08:089][  0]LogMeshMerging: No distributed automatic mesh merging module available
[2020.02.01-21.49.08:099][  0]LogNetVersion: StationRepair 1.0.0, NetCL: 5660361, EngineNetVer: 10, GameNetVer: 0 (Checksum: 4262221705)
[2020.02.01-21.49.08:480][  0]LogPackageLocalizationCache: Processed 10 localized package path(s) for 1 prioritized culture(s) in 0.031704 seconds
[2020.02.01-21.49.08:486][  0]LogUObjectArray: 42205 objects as part of root set at end of initial load.
[2020.02.01-21.49.08:486][  0]LogUObjectAllocator: 7325032 out of 0 bytes used by permanent object pool.
[2020.02.01-21.49.08:487][  0]LogUObjectArray: CloseDisregardForGC: 0/0 objects in disregard for GC pool
[2020.02.01-21.49.09:404][  0]LogTcpMessaging: Initializing TcpMessaging bridge
[2020.02.01-21.49.09:418][  0]LogUdpMessaging: Initializing bridge on interface 0.0.0.0:0 to multicast group 230.0.0.1:6666.
[2020.02.01-21.49.09:530][  0]SourceControl: Source control is disabled
[2020.02.01-21.49.09:530][  0]SourceControl: Source control is disabled
[2020.02.01-21.49.09:532][  0]SourceControl: Source control is disabled
[2020.02.01-21.49.09:533][  0]SourceControl: Source control is disabled
[2020.02.01-21.49.09:610][  0]LogAndroidPermission: UAndroidPermissionCallbackProxy::GetInstance
[2020.02.01-21.49.09:741][  0]LogOcInput: OculusInput pre-init called
[2020.02.01-21.49.10:511][  0]LogEngine: Initializing Engine...
[2020.02.01-21.49.10:512][  0]LogHMD: Failed to initialize OpenVR with code 110
[2020.02.01-21.49.10:513][  0]LogStats: UGameplayTagsManager::InitializeManager -  0.000 s
[2020.02.01-21.49.10:722][  0]LogInit: Initializing FReadOnlyCVARCache
[2020.02.01-21.49.10:744][  0]LogAIModule: Creating AISystem for world Untitled
[2020.02.01-21.49.10:770][  0]LogInit: XAudio2 using 'Headphones (WH-1000XM3 Stereo)' : 2 channels at 44.1 kHz using 16 bits per sample (channel mask 0x3)
[2020.02.01-21.49.10:789][  0]LogInit: FAudioDevice initialized.
[2020.02.01-21.49.10:789][  0]LogNetVersion: Set ProjectVersion to 1.0.0.0. Version Checksum will be recalculated on next use.
[2020.02.01-21.49.10:940][  0]LogDerivedDataCache: Saved boot cache 0.15s 71MB C:/Users/jaket/AppData/Local/UnrealEngine/4.22/DerivedDataCache/Boot.ddc.
[2020.02.01-21.49.10:950][  0]LogInit: Texture streaming: Enabled
[2020.02.01-21.49.10:977][  0]LogEngineSessionManager: EngineSessionManager initialized
[2020.02.01-21.49.11:000][  0]LogInit: Transaction tracking system initialized
[2020.02.01-21.49.11:036][  0]BlueprintLog: New page: Editor Load
[2020.02.01-21.49.11:138][  0]LocalizationService: Localization service is disabled
[2020.02.01-21.49.11:235][  0]LogLinker: Warning: Can't find file '/Game/VehicleBP/VehicleOverview'
[2020.02.01-21.49.11:235][  0]LogLinker: Warning: Can't find file '/Game/VehicleBP/VehicleOverview'
[2020.02.01-21.49.11:235][  0]LogUObjectGlobals: Warning: Failed to find object 'Class /Game/VehicleBP/VehicleOverview.VehicleOverview_C'
[2020.02.01-21.49.11:891][  0]LogCook: Display: Max memory allowance for cook 16384mb min free memory 0mb
[2020.02.01-21.49.11:891][  0]LogCook: Display: Mobile HDR setting 1
[2020.02.01-21.49.12:109][  0]LogFileCache: Scanning file cache for directory 'D:/Documents/Unreal Projects/StationRepair/Content/' took 0.04s
[2020.02.01-21.49.12:109][  0]SourceControl: Source control is disabled
[2020.02.01-21.49.12:109][  0]Cmd: MAP LOAD FILE="../../../Engine/Content/Maps/Templates/Template_Default.umap" TEMPLATE=1 SHOWPROGRESS=1 FEATURELEVEL=3
[2020.02.01-21.49.12:110][  0]LightingResults: New page: Lighting Build
[2020.02.01-21.49.12:113][  0]MapCheck: New page: Map Check
[2020.02.01-21.49.12:113][  0]LightingResults: New page: Lighting Build
[2020.02.01-21.49.12:138][  0]LogUObjectHash: Compacting FUObjectHashTables data took   1.66ms
[2020.02.01-21.49.12:236][  0]LogAIModule: Creating AISystem for world Untitled_1
[2020.02.01-21.49.12:241][  0]LogEditorServer: Finished looking for orphan Actors (0.000 secs)
[2020.02.01-21.49.12:264][  0]LogUObjectHash: Compacting FUObjectHashTables data took   1.73ms
[2020.02.01-21.49.12:264][  0]Cmd: MAP CHECKDEP NOCLEARLOG
[2020.02.01-21.49.12:264][  0]MapCheck: Map check complete: 0 Error(s), 0 Warning(s), took 0.125ms to complete.
[2020.02.01-21.49.12:264][  0]LogFileHelpers: Loading map 'Template_Default' took 0.155
[2020.02.01-21.49.12:424][  0]LogSlate: Updating window title bar state: overlay mode, drag disabled, window buttons hidden, title bar hidden
[2020.02.01-21.49.12:433][  0]LogSlate: Updating window title bar state: overlay mode, drag disabled, window buttons hidden, title bar hidden
[2020.02.01-21.49.12:441][  0]LogSlate: Updating window title bar state: overlay mode, drag disabled, window buttons hidden, title bar hidden
[2020.02.01-21.49.12:447][  0]LogSlate: Updating window title bar state: overlay mode, drag disabled, window buttons hidden, title bar hidden
[2020.02.01-21.49.12:457][  0]LogCollectionManager: Loaded 0 collections in 0.002495 seconds
[2020.02.01-21.49.12:518][  0]LogFileCache: Scanning file cache for directory 'D:/Documents/Unreal Projects/StationRepair/Saved/Collections/' took 0.01s
[2020.02.01-21.49.12:518][  0]LogFileCache: Scanning file cache for directory 'D:/Documents/Unreal Projects/StationRepair/Content/Developers/jaket/Collections/' took 0.01s
[2020.02.01-21.49.12:518][  0]LogFileCache: Scanning file cache for directory 'D:/Documents/Unreal Projects/StationRepair/Content/Collections/' took 0.01s
[2020.02.01-21.49.12:518][  0]LogCollectionManager: Rebuilt the GUID cache for 0 collections in 0.000001 seconds
[2020.02.01-21.49.12:547][  0]LogContentBrowser: Native class hierarchy populated in 0.0266 seconds. Added 2732 classes and 659 folders.
[2020.02.01-21.49.12:573][  0]LogContentBrowser: Native class hierarchy updated for 'WidgetCarousel' in 0.0005 seconds. Added 0 classes and 0 folders.
[2020.02.01-21.49.12:583][  0]LogPakFile: Registered encryption key '00000000000000000000000000000000': 0 pak files mounted, 0 remain pending
[2020.02.01-21.49.12:590][  0]LogPakFile: Registered encryption key '00000000000000000000000000000000': 0 pak files mounted, 0 remain pending
[2020.02.01-21.49.12:595][  0]LogPakFile: Registered encryption key '00000000000000000000000000000000': 0 pak files mounted, 0 remain pending
[2020.02.01-21.49.12:598][  0]LogPakFile: Registered encryption key '00000000000000000000000000000000': 0 pak files mounted, 0 remain pending
[2020.02.01-21.49.12:602][  0]LogPakFile: Registered encryption key '00000000000000000000000000000000': 0 pak files mounted, 0 remain pending
[2020.02.01-21.49.12:607][  0]LogPakFile: Registered encryption key '00000000000000000000000000000000': 0 pak files mounted, 0 remain pending
[2020.02.01-21.49.12:610][  0]LogPakFile: Registered encryption key '00000000000000000000000000000000': 0 pak files mounted, 0 remain pending
[2020.02.01-21.49.12:614][  0]LogPakFile: Registered encryption key '00000000000000000000000000000000': 0 pak files mounted, 0 remain pending
[2020.02.01-21.49.12:619][  0]LogPakFile: Registered encryption key '00000000000000000000000000000000': 0 pak files mounted, 0 remain pending
[2020.02.01-21.49.12:624][  0]LogPakFile: Registered encryption key '00000000000000000000000000000000': 0 pak files mounted, 0 remain pending
[2020.02.01-21.49.12:628][  0]LogPakFile: Registered encryption key '00000000000000000000000000000000': 0 pak files mounted, 0 remain pending
[2020.02.01-21.49.12:632][  0]LogPakFile: Registered encryption key '00000000000000000000000000000000': 0 pak files mounted, 0 remain pending
[2020.02.01-21.49.12:637][  0]LogPakFile: Registered encryption key '00000000000000000000000000000000': 0 pak files mounted, 0 remain pending
[2020.02.01-21.49.12:641][  0]LogPakFile: Registered encryption key '00000000000000000000000000000000': 0 pak files mounted, 0 remain pending
[2020.02.01-21.49.12:646][  0]LogPakFile: Registered encryption key '00000000000000000000000000000000': 0 pak files mounted, 0 remain pending
[2020.02.01-21.49.12:649][  0]LogPakFile: Registered encryption key '00000000000000000000000000000000': 0 pak files mounted, 0 remain pending
[2020.02.01-21.49.12:653][  0]LogPakFile: Registered encryption key '00000000000000000000000000000000': 0 pak files mounted, 0 remain pending
[2020.02.01-21.49.12:657][  0]LogPakFile: Registered encryption key '00000000000000000000000000000000': 0 pak files mounted, 0 remain pending
[2020.02.01-21.49.12:661][  0]LogPakFile: Registered encryption key '00000000000000000000000000000000': 0 pak files mounted, 0 remain pending
[2020.02.01-21.49.12:664][  0]LogPakFile: Registered encryption key '00000000000000000000000000000000': 0 pak files mounted, 0 remain pending
[2020.02.01-21.49.12:668][  0]LogPakFile: Registered encryption key '00000000000000000000000000000000': 0 pak files mounted, 0 remain pending
[2020.02.01-21.49.12:672][  0]LogPakFile: Registered encryption key '00000000000000000000000000000000': 0 pak files mounted, 0 remain pending
[2020.02.01-21.49.12:677][  0]LogPakFile: Registered encryption key '00000000000000000000000000000000': 0 pak files mounted, 0 remain pending
[2020.02.01-21.49.12:681][  0]LogPakFile: Registered encryption key '00000000000000000000000000000000': 0 pak files mounted, 0 remain pending
[2020.02.01-21.49.12:685][  0]LogPakFile: Registered encryption key '00000000000000000000000000000000': 0 pak files mounted, 0 remain pending
[2020.02.01-21.49.12:690][  0]LogPakFile: Registered encryption key '00000000000000000000000000000000': 0 pak files mounted, 0 remain pending
[2020.02.01-21.49.13:009][  0]LogContentBrowser: Native class hierarchy updated for 'AddContentDialog' in 0.0004 seconds. Added 0 classes and 0 folders.
[2020.02.01-21.49.13:027][  0]LogContentBrowser: Native class hierarchy updated for 'SceneOutliner' in 0.0004 seconds. Added 1 classes and 2 folders.
[2020.02.01-21.49.14:243][  0]LogSlate: Only BGRA pngs, bmps or icos are supported in by External Image Picker
[2020.02.01-21.49.14:271][  0]LogSlate: Took 0.000248 seconds to synchronously load lazily loaded font '../../../Engine/Content/Slate/Fonts/Roboto-Regular.ttf' (155K)
[2020.02.01-21.49.14:273][  0]LogSlate: Took 0.000229 seconds to synchronously load lazily loaded font '../../../Engine/Content/Slate/Fonts/Roboto-Bold.ttf' (160K)
[2020.02.01-21.49.14:281][  0]LogSlate: Took 0.001073 seconds to synchronously load lazily loaded font '../../../Engine/Content/Editor/Slate/Fonts/FontAwesome.ttf' (139K)
[2020.02.01-21.49.14:362][  0]LogRenderer: Reallocating scene render targets to support 1208x572 Format 9 NumSamples 1 (Frame:1).
[2020.02.01-21.49.14:524][  0]LogContentBrowser: Native class hierarchy updated for 'HierarchicalLODOutliner' in 0.0003 seconds. Added 0 classes and 0 folders.
[2020.02.01-21.49.14:524][  0]LogLoad: (Engine Initialization) Total time: 11.74 seconds
[2020.02.01-21.49.14:524][  0]LogLoad: (Engine Initialization) Total Blueprint compile time: 0.00 seconds
[2020.02.01-21.49.14:842][  0]LogAssetRegistry: Asset discovery search completed in 7.2974 seconds
[2020.02.01-21.49.14:845][  0]LogCollectionManager: Rebuilt the object cache for 0 collections in 0.000000 seconds (found 0 objects)
[2020.02.01-21.49.14:845][  0]LogCollectionManager: Fixed up redirectors for 0 collections in 0.000096 seconds (updated 0 objects)
[2020.02.01-21.49.14:846][  0]LogContentStreaming: Texture pool size now 600 MB
[2020.02.01-21.49.14:867][  0]LogSlate: Took 0.001050 seconds to synchronously load lazily loaded font '../../../Engine/Content/Slate/Fonts/Roboto-Light.ttf' (167K)
[2020.02.01-21.49.15:661][ 17]LogSlate: Took 0.000248 seconds to synchronously load lazily loaded font '../../../Engine/Content/Slate/Fonts/Roboto-Light.ttf' (167K)
[2020.02.01-21.49.16:940][ 85]LogSlate: FSceneViewport::OnFocusLost() reason 0
[2020.02.01-21.49.20:785][168]LogStaticMesh: Building static mesh SM_GoodSky_Sphere...
[2020.02.01-21.49.20:812][168]LogStaticMesh: Built static mesh [0.03s] /Game/CommandCenter/GoodSky/Source/Mesh/SM_GoodSky_Sphere.SM_GoodSky_Sphere
[2020.02.01-21.49.20:820][168]LogStaticMesh: Building static mesh SM_GoodSky_Hemisphere...
[2020.02.01-21.49.20:833][168]LogStaticMesh: Built static mesh [0.01s] /Game/CommandCenter/GoodSky/Source/Mesh/SM_GoodSky_Hemisphere.SM_GoodSky_Hemisphere
[2020.02.01-21.49.20:873][168]LogStaticMesh: Building static mesh SM_GoodSky_StarMesh...
[2020.02.01-21.49.20:875][168]LogStaticMesh: Built static mesh [0.00s] /Game/CommandCenter/GoodSky/Source/ArrowTool/SM_GoodSky_StarMesh.SM_GoodSky_StarMesh
[2020.02.01-21.49.20:914][168]LogStaticMesh: Building static mesh stationHologram...
[2020.02.01-21.49.21:047][168]LogStaticMesh: Built static mesh [0.13s] /Game/CommandCenter/SetPieces/Meshes/stationHologram.stationHologram
[2020.02.01-21.49.21:127][168]LogAIModule: Creating AISystem for world CommandCenter
[2020.02.01-21.49.21:156][168]LogAssetEditorManager: Opening Asset editor for World /Game/CommandCenter/CommandCenter.CommandCenter
[2020.02.01-21.49.21:184][168]LogUObjectHash: Compacting FUObjectHashTables data took   2.27ms
[2020.02.01-21.49.21:185][168]Cmd: MAP LOAD FILE="D:/Documents/Unreal Projects/StationRepair/Content/CommandCenter/CommandCenter.umap" TEMPLATE=0 SHOWPROGRESS=1 FEATURELEVEL=3
[2020.02.01-21.49.21:185][168]LightingResults: New page: Lighting Build
[2020.02.01-21.49.21:185][168]LoadErrors: New page: Loading map: CommandCenter.umap
[2020.02.01-21.49.21:186][168]MapCheck: New page: Map Check
[2020.02.01-21.49.21:186][168]LightingResults: New page: Lighting Build
[2020.02.01-21.49.21:207][168]LogUObjectHash: Compacting FUObjectHashTables data took   1.56ms
[2020.02.01-21.49.21:295][168]LogEditorServer: Finished looking for orphan Actors (0.000 secs)
[2020.02.01-21.49.21:320][168]LogUObjectHash: Compacting FUObjectHashTables data took   2.21ms
[2020.02.01-21.49.21:337][168]Cmd: MAP CHECKDEP NOCLEARLOG
[2020.02.01-21.49.21:337][168]MapCheck: Map check complete: 0 Error(s), 0 Warning(s), took 0.069ms to complete.
[2020.02.01-21.49.21:337][168]LogFileHelpers: Loading map 'CommandCenter' took 0.153
[2020.02.01-21.50.07:569][520]LogEditorViewport: Clicking on Actor (LMB): Button_System_C (Button_System)
[2020.02.01-21.50.08:191][528]LogEditorViewport: Clicking on Actor (LMB): StaticMeshActor (ConRoom_Cylinder)
[2020.02.01-21.50.09:024][537]LogEditorViewport: Clicking on Actor (LMB): HoloMSD_C (HoloMSD)
[2020.02.01-21.50.21:998][737]LogSlate: FSceneViewport::OnFocusLost() reason 0
[2020.02.01-21.50.35:055][923]LogAssetEditorManager: Opening Asset editor for Blueprint /Game/CommandCenter/SetPieces/HoloMSD.HoloMSD
[2020.02.01-21.50.35:387][923]LogContentBrowser: Native class hierarchy updated for 'BlueprintGraph' in 0.0006 seconds. Added 121 classes and 0 folders.
[2020.02.01-21.50.36:199][923]LogSlate: Took 0.001236 seconds to synchronously load lazily loaded font '../../../Engine/Content/Slate/Fonts/Roboto-BoldCondensed.ttf' (158K)
[2020.02.01-21.50.38:220][959]LogSlate: Window 'HoloMSD' being destroyed
[2020.02.01-21.52.13:487][617]LogSlate: Took 0.006113 seconds to synchronously load lazily loaded font '../../../Engine/Content/Slate/Fonts/Roboto-Italic.ttf' (157K)
[2020.02.01-21.54.56:104][ 94]BlueprintLog: New page: Compile HoloMSD
[2020.02.01-21.54.56:279][ 94]LogUObjectHash: Compacting FUObjectHashTables data took   3.53ms
[2020.02.01-21.54.56:332][ 94]Cmd: OBJ SAVEPACKAGE PACKAGE="/Game/CommandCenter/SetPieces/HoloMSD" FILE="D:/Documents/Unreal Projects/StationRepair/Content/CommandCenter/SetPieces/HoloMSD.uasset" SILENT=true
[2020.02.01-21.54.56:369][ 94]LogSavePackage: Moving 'D:/Documents/Unreal Projects/StationRepair/Saved/HoloMSD33AC8CC54FF583F8941FC98287A1E5EA.tmp' to 'D:/Documents/Unreal Projects/StationRepair/Content/CommandCenter/SetPieces/HoloMSD.uasset'
[2020.02.01-21.55.51:143][289]BlueprintLog: New page: Compile HoloMSD
[2020.02.01-21.55.51:147][289]LogBlueprint: Error: [Compiler HoloMSD] The current value of the ' System Nums ' pin is invalid: Array inputs (like 'System Nums') must have an input wired into them (try connecting a MakeArray node).
[2020.02.01-21.55.51:310][289]LogUObjectHash: Compacting FUObjectHashTables data took   2.92ms
[2020.02.01-21.55.51:318][289]LogBlueprint: Warning: [Compiler HoloMSD] [0408.53] Compile of HoloMSD failed. 1 Fatal Issue(s) 0 Warning(s) [in 175 ms] (/Game/CommandCenter/SetPieces/HoloMSD.HoloMSD)
[2020.02.01-21.55.56:988][628]LogEditorTransaction: Undo Move Node
[2020.02.01-21.55.57:434][653]LogEditorTransaction: Undo Move Node
[2020.02.01-21.55.57:892][679]LogEditorTransaction: Undo Add Node
[2020.02.01-21.55.58:497][714]LogEditorTransaction: Undo Delete current selection
[2020.02.01-21.55.58:912][737]LogEditorTransaction: Undo Delete current selection
[2020.02.01-21.56.19:950][941]BlueprintLog: New page: Compile HoloMSD
[2020.02.01-21.56.20:116][941]LogUObjectHash: Compacting FUObjectHashTables data took   2.99ms
[2020.02.01-21.56.20:159][941]Cmd: OBJ SAVEPACKAGE PACKAGE="/Game/CommandCenter/SetPieces/HoloMSD" FILE="D:/Documents/Unreal Projects/StationRepair/Content/CommandCenter/SetPieces/HoloMSD.uasset" SILENT=true
[2020.02.01-21.56.20:190][941]LogSavePackage: Moving 'D:/Documents/Unreal Projects/StationRepair/Saved/HoloMSD70AB82E341601FE67F312FAC2EFE4D4F.tmp' to 'D:/Documents/Unreal Projects/StationRepair/Content/CommandCenter/SetPieces/HoloMSD.uasset'
[2020.02.01-21.56.25:090][187]Cmd: OBJ SAVEPACKAGE PACKAGE="/Game/CommandCenter/CommandCenter" FILE="D:/Documents/Unreal Projects/StationRepair/Content/CommandCenter/CommandCenter.umap" SILENT=true AUTOSAVING=false KEEPDIRTY=false
[2020.02.01-21.56.25:125][187]LogUObjectHash: Compacting FUObjectHashTables data took   2.78ms
[2020.02.01-21.56.25:319][187]LogSavePackage: Moving 'D:/Documents/Unreal Projects/StationRepair/Saved/CommandCenter1E244B6948240742F32A4BBEA79FACEC.tmp' to 'D:/Documents/Unreal Projects/StationRepair/Content/CommandCenter/CommandCenter.umap'
[2020.02.01-21.56.25:336][187]Cmd: OBJ SAVEPACKAGE PACKAGE="/Game/CommandCenter/CommandCenter_BuiltData" FILE="D:/Documents/Unreal Projects/StationRepair/Content/CommandCenter/CommandCenter_BuiltData.uasset" SILENT=true
[2020.02.01-21.56.25:351][187]LogSavePackage: Moving 'D:/Documents/Unreal Projects/StationRepair/Saved/CommandCenter_BuiltDataB752F84E4601A874533C3A88C12EF364.tmp' to 'D:/Documents/Unreal Projects/StationRepair/Content/CommandCenter/CommandCenter_BuiltData.uasset'
[2020.02.01-21.56.51:124][665]Cmd: OBJ SAVEPACKAGE PACKAGE="/Game/CommandCenter/CommandCenter" FILE="D:/Documents/Unreal Projects/StationRepair/Content/CommandCenter/CommandCenter.umap" SILENT=true AUTOSAVING=false KEEPDIRTY=false
[2020.02.01-21.56.51:157][665]LogUObjectHash: Compacting FUObjectHashTables data took   2.64ms
[2020.02.01-21.56.51:362][665]LogSavePackage: Moving 'D:/Documents/Unreal Projects/StationRepair/Saved/CommandCenterDC87D2A74A8BCE86DDD6419D62534AB8.tmp' to 'D:/Documents/Unreal Projects/StationRepair/Content/CommandCenter/CommandCenter.umap'
[2020.02.01-21.56.51:389][665]Cmd: OBJ SAVEPACKAGE PACKAGE="/Game/CommandCenter/CommandCenter_BuiltData" FILE="D:/Documents/Unreal Projects/StationRepair/Content/CommandCenter/CommandCenter_BuiltData.uasset" SILENT=true
[2020.02.01-21.56.51:407][665]LogSavePackage: Moving 'D:/Documents/Unreal Projects/StationRepair/Saved/CommandCenter_BuiltData154EE0EA49D3F76141DC9C90190600FA.tmp' to 'D:/Documents/Unreal Projects/StationRepair/Content/CommandCenter/CommandCenter_BuiltData.uasset'
[2020.02.01-21.56.52:764][685]LogTemp: Repeating last play command: Selected Viewport
[2020.02.01-21.56.52:804][685]LogBlueprintUserMessages: Early PlayInEditor Detection: Level '/Game/CommandCenter/CommandCenter.CommandCenter:PersistentLevel' has LevelScriptBlueprint '/Game/CommandCenter/CommandCenter.CommandCenter:PersistentLevel.CommandCenter' with GeneratedClass '/Game/CommandCenter/CommandCenter.CommandCenter_C' with ClassGeneratedBy '/Game/CommandCenter/CommandCenter.CommandCenter:PersistentLevel.CommandCenter'
[2020.02.01-21.56.52:804][685]LogPlayLevel: PlayLevel: No blueprints needed recompiling
[2020.02.01-21.56.52:811][685]PIE: New page: PIE session: CommandCenter (Feb 1, 2020, 11:56:52 AM)
[2020.02.01-21.56.52:832][685]LogPlayLevel: Creating play world package: /Game/CommandCenter/UEDPIE_0_CommandCenter
[2020.02.01-21.56.52:853][685]LogPlayLevel: PIE: StaticDuplicateObject took: (0.019917s)
[2020.02.01-21.56.52:854][685]LogAIModule: Creating AISystem for world CommandCenter
[2020.02.01-21.56.52:854][685]LogPlayLevel: PIE: World Init took: (0.000928s)
[2020.02.01-21.56.52:854][685]LogPlayLevel: PIE: Created PIE world by copying editor world from /Game/CommandCenter/CommandCenter.CommandCenter to /Game/CommandCenter/UEDPIE_0_CommandCenter.CommandCenter (0.022070s)
[2020.02.01-21.56.52:895][685]LogUObjectHash: Compacting FUObjectHashTables data took   3.40ms
[2020.02.01-21.56.52:922][685]LogInit: XAudio2 using 'Headphones (WH-1000XM3 Stereo)' : 2 channels at 44.1 kHz using 16 bits per sample (channel mask 0x3)
[2020.02.01-21.56.52:939][685]LogInit: FAudioDevice initialized.
[2020.02.01-21.56.52:985][685]LogLoad: Game class is 'GameMode_Test_C'
[2020.02.01-21.56.52:990][685]LogWorld: Bringing World /Game/CommandCenter/UEDPIE_0_CommandCenter.CommandCenter up for play (max tick rate 60) at 2020.02.01-16.56.52
[2020.02.01-21.56.52:990][685]LogWorld: Bringing up level for play took: 0.003756
[2020.02.01-21.56.53:011][685]LogBlueprintActionDatabase: Requesting refresh due to module change: Voice (loaded)
[2020.02.01-21.56.53:020][685]LogBlueprintActionDatabase: Requesting refresh due to module change: MovieSceneCapture (loaded)
[2020.02.01-21.56.53:021][685]LogContentBrowser: Native class hierarchy updated for 'MovieSceneCapture' in 0.0006 seconds. Added 20 classes and 0 folders.
[2020.02.01-21.56.53:023][685]PIE: Play in editor start time for /Game/CommandCenter/UEDPIE_0_CommandCenter 0.825
[2020.02.01-21.56.53:023][685]LogBlueprintUserMessages: Late PlayInEditor Detection: Level '/Game/CommandCenter/CommandCenter.CommandCenter:PersistentLevel' has LevelScriptBlueprint '/Game/CommandCenter/CommandCenter.CommandCenter:PersistentLevel.CommandCenter' with GeneratedClass '/Game/CommandCenter/CommandCenter.CommandCenter_C' with ClassGeneratedBy '/Game/CommandCenter/CommandCenter.CommandCenter:PersistentLevel.CommandCenter'
[2020.02.01-21.56.57:199][865]LogBlueprintUserMessages: Early EndPlayMap Detection: Level '/Game/CommandCenter/CommandCenter.CommandCenter:PersistentLevel' has LevelScriptBlueprint '/Game/CommandCenter/CommandCenter.CommandCenter:PersistentLevel.CommandCenter' with GeneratedClass '/Game/CommandCenter/CommandCenter.CommandCenter_C' with ClassGeneratedBy '/Game/CommandCenter/CommandCenter.CommandCenter:PersistentLevel.CommandCenter'
[2020.02.01-21.56.57:200][865]LogSlate: Updating window title bar state: overlay mode, drag disabled, window buttons hidden, title bar hidden
[2020.02.01-21.56.57:271][865]LogPlayLevel: Display: Shutting down PIE online subsystems
[2020.02.01-21.56.57:272][865]LogBlueprintUserMessages: Late EndPlayMap Detection: Level '/Game/CommandCenter/CommandCenter.CommandCenter:PersistentLevel' has LevelScriptBlueprint '/Game/CommandCenter/CommandCenter.CommandCenter:PersistentLevel.CommandCenter' with GeneratedClass '/Game/CommandCenter/CommandCenter.CommandCenter_C' with ClassGeneratedBy '/Game/CommandCenter/CommandCenter.CommandCenter:PersistentLevel.CommandCenter'
[2020.02.01-21.56.57:344][865]LogSlate: Updating window title bar state: overlay mode, drag disabled, window buttons hidden, title bar hidden
[2020.02.01-21.56.57:364][865]LogUObjectHash: Compacting FUObjectHashTables data took   4.56ms
[2020.02.01-21.56.57:392][866]LogPlayLevel: Display: Destroying online subsystem :Context_11
[2020.02.01-21.56.58:791][890]LogSlate: FSceneViewport::OnFocusLost() reason 0
[2020.02.01-21.57.23:967][157]BlueprintLog: New page: Compile HoloMSD
[2020.02.01-21.57.24:161][157]LogUObjectHash: Compacting FUObjectHashTables data took   3.47ms
[2020.02.01-21.57.24:217][157]Cmd: OBJ SAVEPACKAGE PACKAGE="/Game/CommandCenter/SetPieces/HoloMSD" FILE="D:/Documents/Unreal Projects/StationRepair/Content/CommandCenter/SetPieces/HoloMSD.uasset" SILENT=true
[2020.02.01-21.57.24:248][157]LogSavePackage: Moving 'D:/Documents/Unreal Projects/StationRepair/Saved/HoloMSD8D8053DB4C10DA3B6491FAB691A6BAF0.tmp' to 'D:/Documents/Unreal Projects/StationRepair/Content/CommandCenter/SetPieces/HoloMSD.uasset'
[2020.02.01-21.57.28:918][392]Cmd: OBJ SAVEPACKAGE PACKAGE="/Game/CommandCenter/CommandCenter" FILE="D:/Documents/Unreal Projects/StationRepair/Content/CommandCenter/CommandCenter.umap" SILENT=true AUTOSAVING=false KEEPDIRTY=false
[2020.02.01-21.57.28:957][392]LogUObjectHash: Compacting FUObjectHashTables data took   3.26ms
[2020.02.01-21.57.29:173][392]LogSavePackage: Moving 'D:/Documents/Unreal Projects/StationRepair/Saved/CommandCenterBF4F2C5B42DAA1986BF124A294A52978.tmp' to 'D:/Documents/Unreal Projects/StationRepair/Content/CommandCenter/CommandCenter.umap'
[2020.02.01-21.57.29:191][392]Cmd: OBJ SAVEPACKAGE PACKAGE="/Game/CommandCenter/CommandCenter_BuiltData" FILE="D:/Documents/Unreal Projects/StationRepair/Content/CommandCenter/CommandCenter_BuiltData.uasset" SILENT=true
[2020.02.01-21.57.29:203][392]LogSavePackage: Moving 'D:/Documents/Unreal Projects/StationRepair/Saved/CommandCenter_BuiltData148E80974A477BD5A2D4F6BEB0CE7FCE.tmp' to 'D:/Documents/Unreal Projects/StationRepair/Content/CommandCenter/CommandCenter_BuiltData.uasset'
[2020.02.01-21.57.29:834][404]LogTemp: Repeating last play command: Selected Viewport
[2020.02.01-21.57.29:862][404]LogBlueprintUserMessages: Early PlayInEditor Detection: Level '/Game/CommandCenter/CommandCenter.CommandCenter:PersistentLevel' has LevelScriptBlueprint '/Game/CommandCenter/CommandCenter.CommandCenter:PersistentLevel.CommandCenter' with GeneratedClass '/Game/CommandCenter/CommandCenter.CommandCenter_C' with ClassGeneratedBy '/Game/CommandCenter/CommandCenter.CommandCenter:PersistentLevel.CommandCenter'
[2020.02.01-21.57.29:862][404]LogPlayLevel: PlayLevel: No blueprints needed recompiling
[2020.02.01-21.57.29:862][404]PIE: New page: PIE session: CommandCenter (Feb 1, 2020, 11:57:29 AM)
[2020.02.01-21.57.29:863][404]LogPlayLevel: Creating play world package: /Game/CommandCenter/UEDPIE_0_CommandCenter
[2020.02.01-21.57.29:876][404]LogPlayLevel: PIE: StaticDuplicateObject took: (0.012431s)
[2020.02.01-21.57.29:877][404]LogAIModule: Creating AISystem for world CommandCenter
[2020.02.01-21.57.29:878][404]LogPlayLevel: PIE: World Init took: (0.002169s)
[2020.02.01-21.57.29:879][404]LogPlayLevel: PIE: Created PIE world by copying editor world from /Game/CommandCenter/CommandCenter.CommandCenter to /Game/CommandCenter/UEDPIE_0_CommandCenter.CommandCenter (0.015370s)
[2020.02.01-21.57.29:964][404]LogUObjectHash: Compacting FUObjectHashTables data took   2.74ms
[2020.02.01-21.57.29:986][404]LogInit: XAudio2 using 'Headphones (WH-1000XM3 Stereo)' : 2 channels at 44.1 kHz using 16 bits per sample (channel mask 0x3)
[2020.02.01-21.57.29:997][404]LogInit: FAudioDevice initialized.
[2020.02.01-21.57.30:031][404]LogLoad: Game class is 'GameMode_Test_C'
[2020.02.01-21.57.30:033][404]LogWorld: Bringing World /Game/CommandCenter/UEDPIE_0_CommandCenter.CommandCenter up for play (max tick rate 60) at 2020.02.01-16.57.30
[2020.02.01-21.57.30:033][404]LogWorld: Bringing up level for play took: 0.002004
[2020.02.01-21.57.30:046][404]PIE: Play in editor start time for /Game/CommandCenter/UEDPIE_0_CommandCenter -0.151
[2020.02.01-21.57.30:046][404]LogBlueprintUserMessages: Late PlayInEditor Detection: Level '/Game/CommandCenter/CommandCenter.CommandCenter:PersistentLevel' has LevelScriptBlueprint '/Game/CommandCenter/CommandCenter.CommandCenter:PersistentLevel.CommandCenter' with GeneratedClass '/Game/CommandCenter/CommandCenter.CommandCenter_C' with ClassGeneratedBy '/Game/CommandCenter/CommandCenter.CommandCenter:PersistentLevel.CommandCenter'
[2020.02.01-21.57.34:764][572]LogBlueprintUserMessages: Early EndPlayMap Detection: Level '/Game/CommandCenter/CommandCenter.CommandCenter:PersistentLevel' has LevelScriptBlueprint '/Game/CommandCenter/CommandCenter.CommandCenter:PersistentLevel.CommandCenter' with GeneratedClass '/Game/CommandCenter/CommandCenter.CommandCenter_C' with ClassGeneratedBy '/Game/CommandCenter/CommandCenter.CommandCenter:PersistentLevel.CommandCenter'
[2020.02.01-21.57.34:765][572]LogSlate: Updating window title bar state: overlay mode, drag disabled, window buttons hidden, title bar hidden
[2020.02.01-21.57.34:847][572]LogPlayLevel: Display: Shutting down PIE online subsystems
[2020.02.01-21.57.34:847][572]LogBlueprintUserMessages: Late EndPlayMap Detection: Level '/Game/CommandCenter/CommandCenter.CommandCenter:PersistentLevel' has LevelScriptBlueprint '/Game/CommandCenter/CommandCenter.CommandCenter:PersistentLevel.CommandCenter' with GeneratedClass '/Game/CommandCenter/CommandCenter.CommandCenter_C' with ClassGeneratedBy '/Game/CommandCenter/CommandCenter.CommandCenter:PersistentLevel.CommandCenter'
[2020.02.01-21.57.34:891][572]LogSlate: Updating window title bar state: overlay mode, drag disabled, window buttons hidden, title bar hidden
[2020.02.01-21.57.34:895][572]LogUObjectHash: Compacting FUObjectHashTables data took   2.47ms
[2020.02.01-21.57.34:922][573]LogPlayLevel: Display: Destroying online subsystem :Context_12
[2020.02.01-21.57.35:914][591]LogSlate: FSceneViewport::OnFocusLost() reason 0
[2020.02.01-21.58.30:521][847]LogAssetEditorManager: Opening Asset editor for Blueprint /Game/CommandCenter/SetPieces/StationLights.StationLights
[2020.02.01-21.58.30:875][847]LogAssetEditorManager: Opening Asset editor for Blueprint /Game/StationGameInstance.StationGameInstance
[2020.02.01-21.58.31:151][847]LogAssetEditorManager: Opening Asset editor for Blueprint /Game/CommandCenter/SetPieces/Button_System.Button_System
[2020.02.01-21.58.31:436][847]LogAssetEditorManager: Opening Asset editor for Blueprint /Game/CommandCenter/SetPieces/BlastDoor.BlastDoor
[2020.02.01-21.58.39:694][318]Cmd: OBJ SAVEPACKAGE PACKAGE="/Game/CommandCenter/SetPieces/HoloMSD" FILE="D:/Documents/Unreal Projects/StationRepair/Content/CommandCenter/SetPieces/HoloMSD.uasset" SILENT=true
[2020.02.01-21.58.39:719][318]LogSavePackage: Moving 'D:/Documents/Unreal Projects/StationRepair/Saved/HoloMSDEEEC3D6049AFFB5C8904479815DE19E6.tmp' to 'D:/Documents/Unreal Projects/StationRepair/Content/CommandCenter/SetPieces/HoloMSD.uasset'
[2020.02.01-21.59.10:327][144]LogSlate: Took 0.000230 seconds to synchronously load lazily loaded font '../../../Engine/Content/Slate/Fonts/Roboto-BoldCondensedItalic.ttf' (160K)
[2020.02.01-21.59.21:084][789]LogEditorTransaction: Undo Add Variable
[2020.02.01-21.59.22:241][856]BlueprintLog: New page: Compile Button_System
[2020.02.01-21.59.22:448][856]LogUObjectHash: Compacting FUObjectHashTables data took   3.63ms
[2020.02.01-21.59.22:497][856]Cmd: OBJ SAVEPACKAGE PACKAGE="/Game/CommandCenter/SetPieces/Button_System" FILE="D:/Documents/Unreal Projects/StationRepair/Content/CommandCenter/SetPieces/Button_System.uasset" SILENT=true
[2020.02.01-21.59.22:521][856]LogSavePackage: Moving 'D:/Documents/Unreal Projects/StationRepair/Saved/Button_System96BE65D34E613CA79424A9BC099EE519.tmp' to 'D:/Documents/Unreal Projects/StationRepair/Content/CommandCenter/SetPieces/Button_System.uasset'
[2020.02.01-21.59.26:471][ 36]Cmd: OBJ SAVEPACKAGE PACKAGE="/Game/CommandCenter/CommandCenter" FILE="D:/Documents/Unreal Projects/StationRepair/Content/CommandCenter/CommandCenter.umap" SILENT=true AUTOSAVING=false KEEPDIRTY=false
[2020.02.01-21.59.26:515][ 36]LogUObjectHash: Compacting FUObjectHashTables data took   3.18ms
[2020.02.01-21.59.26:739][ 36]LogSavePackage: Moving 'D:/Documents/Unreal Projects/StationRepair/Saved/CommandCenter448376CB4AE92C79D161C5B6E1291AB0.tmp' to 'D:/Documents/Unreal Projects/StationRepair/Content/CommandCenter/CommandCenter.umap'
[2020.02.01-21.59.26:755][ 36]Cmd: OBJ SAVEPACKAGE PACKAGE="/Game/CommandCenter/CommandCenter_BuiltData" FILE="D:/Documents/Unreal Projects/StationRepair/Content/CommandCenter/CommandCenter_BuiltData.uasset" SILENT=true
[2020.02.01-21.59.26:768][ 36]LogSavePackage: Moving 'D:/Documents/Unreal Projects/StationRepair/Saved/CommandCenter_BuiltData276C668F4888C9D6F1A48DBB3755A1C6.tmp' to 'D:/Documents/Unreal Projects/StationRepair/Content/CommandCenter/CommandCenter_BuiltData.uasset'
[2020.02.01-21.59.28:022][ 57]LogEditorViewport: Clicking on Actor (LMB): Button_System_C (Button_System)
[2020.02.01-21.59.35:627][180]LogSlate: FSceneViewport::OnFocusLost() reason 0
[2020.02.01-22.00.08:353][119]BlueprintLog: New page: Compile HoloMSD
[2020.02.01-22.00.08:559][119]LogUObjectHash: Compacting FUObjectHashTables data took   3.57ms
[2020.02.01-22.00.08:599][119]Cmd: OBJ SAVEPACKAGE PACKAGE="/Game/CommandCenter/SetPieces/HoloMSD" FILE="D:/Documents/Unreal Projects/StationRepair/Content/CommandCenter/SetPieces/HoloMSD.uasset" SILENT=true
[2020.02.01-22.00.08:632][119]LogSavePackage: Moving 'D:/Documents/Unreal Projects/StationRepair/Saved/HoloMSD8FC704894A8927FBB32730A67F928B64.tmp' to 'D:/Documents/Unreal Projects/StationRepair/Content/CommandCenter/SetPieces/HoloMSD.uasset'
[2020.02.01-22.00.40:255][965]LogAssetEditorManager: Opening Asset editor for Blueprint /Game/LightingSystem.LightingSystem
[2020.02.01-22.00.54:895][814]BlueprintLog: New page: Compile HoloMSD
[2020.02.01-22.00.55:103][814]LogUObjectHash: Compacting FUObjectHashTables data took   3.64ms
[2020.02.01-22.00.55:146][814]Cmd: OBJ SAVEPACKAGE PACKAGE="/Game/CommandCenter/SetPieces/HoloMSD" FILE="D:/Documents/Unreal Projects/StationRepair/Content/CommandCenter/SetPieces/HoloMSD.uasset" SILENT=true
[2020.02.01-22.00.55:177][814]LogSavePackage: Moving 'D:/Documents/Unreal Projects/StationRepair/Saved/HoloMSD6C15AADE43A8C7EBB7B7E795A508CE85.tmp' to 'D:/Documents/Unreal Projects/StationRepair/Content/CommandCenter/SetPieces/HoloMSD.uasset'
[2020.02.01-22.01.00:108][101]BlueprintLog: New page: Compile HoloMSD
[2020.02.01-22.01.00:314][101]LogUObjectHash: Compacting FUObjectHashTables data took   3.56ms
[2020.02.01-22.01.00:354][101]Cmd: OBJ SAVEPACKAGE PACKAGE="/Game/CommandCenter/SetPieces/HoloMSD" FILE="D:/Documents/Unreal Projects/StationRepair/Content/CommandCenter/SetPieces/HoloMSD.uasset" SILENT=true
[2020.02.01-22.01.00:386][101]LogSavePackage: Moving 'D:/Documents/Unreal Projects/StationRepair/Saved/HoloMSD2C8953F543D21626046A9C9E2E5A247C.tmp' to 'D:/Documents/Unreal Projects/StationRepair/Content/CommandCenter/SetPieces/HoloMSD.uasset'
[2020.02.01-22.01.02:507][175]Cmd: OBJ SAVEPACKAGE PACKAGE="/Game/CommandCenter/CommandCenter" FILE="D:/Documents/Unreal Projects/StationRepair/Content/CommandCenter/CommandCenter.umap" SILENT=true AUTOSAVING=false KEEPDIRTY=false
[2020.02.01-22.01.02:553][175]LogUObjectHash: Compacting FUObjectHashTables data took   3.29ms
[2020.02.01-22.01.02:784][175]LogSavePackage: Moving 'D:/Documents/Unreal Projects/StationRepair/Saved/CommandCenter31D0B79F489C02D9516215A121D3FDB0.tmp' to 'D:/Documents/Unreal Projects/StationRepair/Content/CommandCenter/CommandCenter.umap'
[2020.02.01-22.01.02:802][175]Cmd: OBJ SAVEPACKAGE PACKAGE="/Game/CommandCenter/CommandCenter_BuiltData" FILE="D:/Documents/Unreal Projects/StationRepair/Content/CommandCenter/CommandCenter_BuiltData.uasset" SILENT=true
[2020.02.01-22.01.02:814][175]LogSavePackage: Moving 'D:/Documents/Unreal Projects/StationRepair/Saved/CommandCenter_BuiltData086D29B84AE80148EA1DA18E46190971.tmp' to 'D:/Documents/Unreal Projects/StationRepair/Content/CommandCenter/CommandCenter_BuiltData.uasset'
[2020.02.01-22.01.03:906][194]LogTemp: Repeating last play command: Selected Viewport
[2020.02.01-22.01.03:945][194]LogBlueprintUserMessages: Early PlayInEditor Detection: Level '/Game/CommandCenter/CommandCenter.CommandCenter:PersistentLevel' has LevelScriptBlueprint '/Game/CommandCenter/CommandCenter.CommandCenter:PersistentLevel.CommandCenter' with GeneratedClass '/Game/CommandCenter/CommandCenter.CommandCenter_C' with ClassGeneratedBy '/Game/CommandCenter/CommandCenter.CommandCenter:PersistentLevel.CommandCenter'
[2020.02.01-22.01.03:945][194]LogPlayLevel: PlayLevel: No blueprints needed recompiling
[2020.02.01-22.01.03:945][194]PIE: New page: PIE session: CommandCenter (Feb 1, 2020, 12:01:03 PM)
[2020.02.01-22.01.03:946][194]LogPlayLevel: Creating play world package: /Game/CommandCenter/UEDPIE_0_CommandCenter
[2020.02.01-22.01.03:968][194]LogPlayLevel: PIE: StaticDuplicateObject took: (0.022139s)
[2020.02.01-22.01.03:970][194]LogAIModule: Creating AISystem for world CommandCenter
[2020.02.01-22.01.03:971][194]LogPlayLevel: PIE: World Init took: (0.002391s)
[2020.02.01-22.01.03:971][194]LogPlayLevel: PIE: Created PIE world by copying editor world from /Game/CommandCenter/CommandCenter.CommandCenter to /Game/CommandCenter/UEDPIE_0_CommandCenter.CommandCenter (0.025126s)
[2020.02.01-22.01.04:050][194]LogUObjectHash: Compacting FUObjectHashTables data took   4.44ms
[2020.02.01-22.01.04:068][194]LogInit: XAudio2 using 'Headphones (WH-1000XM3 Stereo)' : 2 channels at 44.1 kHz using 16 bits per sample (channel mask 0x3)
[2020.02.01-22.01.04:078][194]LogInit: FAudioDevice initialized.
[2020.02.01-22.01.04:107][194]LogLoad: Game class is 'GameMode_Test_C'
[2020.02.01-22.01.04:109][194]LogWorld: Bringing World /Game/CommandCenter/UEDPIE_0_CommandCenter.CommandCenter up for play (max tick rate 60) at 2020.02.01-17.01.04
[2020.02.01-22.01.04:110][194]LogWorld: Bringing up level for play took: 0.001885
[2020.02.01-22.01.04:122][194]PIE: Play in editor start time for /Game/CommandCenter/UEDPIE_0_CommandCenter -0.075
[2020.02.01-22.01.04:122][194]LogBlueprintUserMessages: Late PlayInEditor Detection: Level '/Game/CommandCenter/CommandCenter.CommandCenter:PersistentLevel' has LevelScriptBlueprint '/Game/CommandCenter/CommandCenter.CommandCenter:PersistentLevel.CommandCenter' with GeneratedClass '/Game/CommandCenter/CommandCenter.CommandCenter_C' with ClassGeneratedBy '/Game/CommandCenter/CommandCenter.CommandCenter:PersistentLevel.CommandCenter'
[2020.02.01-22.01.24:591][800]LogBlueprintUserMessages: Early EndPlayMap Detection: Level '/Game/CommandCenter/CommandCenter.CommandCenter:PersistentLevel' has LevelScriptBlueprint '/Game/CommandCenter/CommandCenter.CommandCenter:PersistentLevel.CommandCenter' with GeneratedClass '/Game/CommandCenter/CommandCenter.CommandCenter_C' with ClassGeneratedBy '/Game/CommandCenter/CommandCenter.CommandCenter:PersistentLevel.CommandCenter'
[2020.02.01-22.01.24:591][800]LogSlate: Updating window title bar state: overlay mode, drag disabled, window buttons hidden, title bar hidden
[2020.02.01-22.01.24:692][800]LogPlayLevel: Display: Shutting down PIE online subsystems
[2020.02.01-22.01.24:692][800]LogBlueprintUserMessages: Late EndPlayMap Detection: Level '/Game/CommandCenter/CommandCenter.CommandCenter:PersistentLevel' has LevelScriptBlueprint '/Game/CommandCenter/CommandCenter.CommandCenter:PersistentLevel.CommandCenter' with GeneratedClass '/Game/CommandCenter/CommandCenter.CommandCenter_C' with ClassGeneratedBy '/Game/CommandCenter/CommandCenter.CommandCenter:PersistentLevel.CommandCenter'
[2020.02.01-22.01.24:738][800]LogSlate: Updating window title bar state: overlay mode, drag disabled, window buttons hidden, title bar hidden
[2020.02.01-22.01.24:743][800]LogUObjectHash: Compacting FUObjectHashTables data took   2.60ms
[2020.02.01-22.01.24:772][801]LogPlayLevel: Display: Destroying online subsystem :Context_18
[2020.02.01-22.01.28:784][868]LogSlate: FSceneViewport::OnFocusLost() reason 0
[2020.02.01-22.02.01:749][491]LogAssetEditorManager: Opening Asset editor for StaticMesh /Game/CommandCenter/SetPieces/Meshes/stationHologram.stationHologram
[2020.02.01-22.02.01:778][491]LogBlueprintActionDatabase: Requesting refresh due to module change: StaticMeshEditor (loaded)
[2020.02.01-22.02.02:683][492]LogRenderer: Reallocating scene render targets to support 1432x920 Format 9 NumSamples 1 (Frame:1).
[2020.02.01-22.02.03:508][492]LogD3D11RHI: Error: Direct3DDevice->CreateTexture2D(TextureDesc,SubResourceData,OutTexture2D) failed 
 at D:\Build\++UE4\Sync\Engine\Source\Runtime\Windows\D3D11RHI\Private\D3D11Texture.cpp:481 
 with error DXGI_ERROR_DEVICE_REMOVED, 
 Size=12x15x1 Format=(0x0000001A), NumMips=1, Flags=D3D11_BIND_RENDER_TARGET D3D11_BIND_SHADER_RESOURCE , Usage:0x0, CPUFlags:0x0, MiscFlags:0x0, SampleCount:0x1, SampleQuality:0x0, SubresPtr:0x0000000000000000, SubresPitch:0, SubresSlicePitch:0
[2020.02.01-22.02.03:508][492]LogD3D11RHI: [Aftermath] GDynamicRHI=0000015D16CAC0C0, GDX11NVAfterMathEnabled=0, Result=0xFFFFFFFF, bDeviceActive=0
[2020.02.01-22.02.03:793][492]LogWindows: Windows GetLastError: The operation completed successfully. (0)
[2020.02.01-22.02.05:275][492]LogD3D11RHI: Error: Driver crashed while creating texture: 12x15x1 (0x0000001a) with 1 mips
[2020.02.01-22.02.05:275][492]LogOutputDevice: Warning: 

Script Stack (0 frames):

[2020.02.01-22.02.05:275][492]LogWindows: Windows GetLastError: The operation completed successfully. (0)
[2020.02.01-22.02.05:276][492]LogWindows: Error: === Critical error: ===
[2020.02.01-22.02.05:276][492]LogWindows: Error: 
[2020.02.01-22.02.05:276][492]LogWindows: Error: Fatal error: [File:D:\Build\++UE4\Sync\Engine\Source\Runtime\RenderCore\Private\RenderingThread.cpp] [Line: 819] 
[2020.02.01-22.02.05:276][492]LogWindows: Error: Rendering thread exception:
[2020.02.01-22.02.05:276][492]LogWindows: Error: Fatal error: [File:D:\Build\++UE4\Sync\Engine\Source\Runtime\Windows\D3D11RHI\Private\D3D11Util.cpp] [Line: 198] 
[2020.02.01-22.02.05:276][492]LogWindows: Error: Unreal Engine is exiting due to D3D device being lost. (Error: 0x887A0006 - 'HUNG')
[2020.02.01-22.02.05:276][492]LogWindows: Error: 
[2020.02.01-22.02.05:277][492]LogWindows: Error: 
[2020.02.01-22.02.05:277][492]LogWindows: Error: Unhandled Exception: 0x00008000
[2020.02.01-22.02.05:277][492]LogWindows: Error: 
[2020.02.01-22.02.05:277][492]LogWindows: Error: [Callstack] 0x00007ffd2dd29159 KERNELBASE.dll!UnknownFunction []
[2020.02.01-22.02.05:277][492]LogWindows: Error: [Callstack] 0x00007ffcf4ea3667 UE4Editor-Core.dll!UnknownFunction []
[2020.02.01-22.02.05:277][492]LogWindows: Error: [Callstack] 0x00007ffcf4ea46e0 UE4Editor-Core.dll!UnknownFunction []
[2020.02.01-22.02.05:277][492]LogWindows: Error: [Callstack] 0x00007ffcf4cb7d1a UE4Editor-Core.dll!UnknownFunction []
[2020.02.01-22.02.05:277][492]LogWindows: Error: [Callstack] 0x00007ffcf4c3fe33 UE4Editor-Core.dll!UnknownFunction []
[2020.02.01-22.02.05:277][492]LogWindows: Error: [Callstack] 0x00007ffcf4c3fd18 UE4Editor-Core.dll!UnknownFunction []
[2020.02.01-22.02.05:277][492]LogWindows: Error: [Callstack] 0x00007ffce8222a23 UE4Editor-D3D11RHI.dll!UnknownFunction []
[2020.02.01-22.02.05:277][492]LogWindows: Error: [Callstack] 0x00007ffce8225a0e UE4Editor-D3D11RHI.dll!UnknownFunction []
[2020.02.01-22.02.05:277][492]LogWindows: Error: [Callstack] 0x00007ffce82208ab UE4Editor-D3D11RHI.dll!UnknownFunction []
[2020.02.01-22.02.05:277][492]LogWindows: Error: [Callstack] 0x00007ffce81da753 UE4Editor-D3D11RHI.dll!UnknownFunction []
[2020.02.01-22.02.05:277][492]LogWindows: Error: [Callstack] 0x00007ffce820fe66 UE4Editor-D3D11RHI.dll!UnknownFunction []
[2020.02.01-22.02.05:277][492]LogWindows: Error: [Callstack] 0x00007ffcfb54b7b3 UE4Editor-RenderCore.dll!UnknownFunction []
[2020.02.01-22.02.05:277][492]LogWindows: Error: [Callstack] 0x00007ffcfb52dc93 UE4Editor-RenderCore.dll!UnknownFunction []
[2020.02.01-22.02.05:277][492]LogWindows: Error: [Callstack] 0x00007ffcea5ceee8 UE4Editor-Renderer.dll!UnknownFunction []
[2020.02.01-22.02.05:277][492]LogWindows: Error: [Callstack] 0x00007ffcea5ca6cc UE4Editor-Renderer.dll!UnknownFunction []
[2020.02.01-22.02.05:277][492]LogWindows: Error: [Callstack] 0x00007ffcea5cdcdd UE4Editor-Renderer.dll!UnknownFunction []
[2020.02.01-22.02.05:277][492]LogWindows: Error: [Callstack] 0x00007ffcea5cc19f UE4Editor-Renderer.dll!UnknownFunction []
[2020.02.01-22.02.05:277][492]LogWindows: Error: [Callstack] 0x00007ffcea4dc98c UE4Editor-Renderer.dll!UnknownFunction []
[2020.02.01-22.02.05:277][492]LogWindows: Error: [Callstack] 0x00007ffcea292fea UE4Editor-Renderer.dll!UnknownFunction []
[2020.02.01-22.02.05:277][492]LogWindows: Error: [Callstack] 0x00007ffcea6ef9b0 UE4Editor-Renderer.dll!UnknownFunction []
[2020.02.01-22.02.05:277][492]LogWindows: Error: [Callstack] 0x00007ffcea6cea52 UE4Editor-Renderer.dll!UnknownFunction []
[2020.02.01-22.02.05:277][492]LogWindows: Error: [Callstack] 0x00007ffcf4ac22d8 UE4Editor-Core.dll!UnknownFunction []
[2020.02.01-22.02.05:277][492]LogWindows: Error: [Callstack] 0x00007ffcf4ac2563 UE4Editor-Core.dll!UnknownFunction []
[2020.02.01-22.02.05:277][492]LogWindows: Error: [Callstack] 0x00007ffcfb5559f1 UE4Editor-RenderCore.dll!UnknownFunction []
[2020.02.01-22.02.05:277][492]LogWindows: Error: [Callstack] 0x00007ffcfb55c184 UE4Editor-RenderCore.dll!UnknownFunction []
[2020.02.01-22.02.05:277][492]LogWindows: Error: [Callstack] 0x00007ffcf4eb4b3f UE4Editor-Core.dll!UnknownFunction []
[2020.02.01-22.02.05:277][492]LogWindows: Error: [Callstack] 0x00007ffcf4eb08a7 UE4Editor-Core.dll!UnknownFunction []
[2020.02.01-22.02.05:277][492]LogWindows: Error: [Callstack] 0x00007ffd2ea57974 KERNEL32.DLL!UnknownFunction []
[2020.02.01-22.02.05:277][492]LogWindows: Error: [Callstack] 0x00007ffd30dda271 ntdll.dll!UnknownFunction []
[2020.02.01-22.02.05:277][492]LogWindows: Error: 
[2020.02.01-22.02.05:277][492]LogWindows: Error: 
[2020.02.01-22.02.05:277][492]LogWindows: Error: 
[2020.02.01-22.02.05:277][492]LogWindows: Error: 
[2020.02.01-22.02.05:291][492]LogExit: Executing StaticShutdownAfterError
[2020.02.01-22.02.05:298][492]LogWindows: FPlatformMisc::RequestExit(1)
[2020.02.01-22.02.05:341][492]Log file closed, 02/01/20 17:02:05
