Log file open, 02/02/20 12:00:01
LogWindows: Failed to load 'aqProf.dll' (GetLastError=126)
LogWindows: File 'aqProf.dll' does not exist
LogWindows: Failed to load 'VtuneApi.dll' (GetLastError=126)
LogWindows: File 'VtuneApi.dll' does not exist
LogWindows: Failed to load 'VtuneApi32e.dll' (GetLastError=126)
LogWindows: File 'VtuneApi32e.dll' does not exist
LogConsoleResponse: Display: Failed to find resolution value strings in scalability ini. Falling back to default.
LogInit: Display: Running engine for game: StationRepair
LogPakFile: Registered encryption key '00000000000000000000000000000000': 0 pak files mounted, 0 remain pending
LogPlatformFile: Not using cached read wrapper
LogTaskGraph: Started task graph with 5 named threads and 11 total threads with 3 sets of task threads.
LogStats: Stats thread started at 0.345160
LogD3D11RHI: Loaded GFSDK_Aftermath_Lib.x64.dll
LogICUInternationalization: ICU TimeZone Detection - Raw Offset: -5:00, Platform Override: ''
LogPluginManager: Mounting plugin Paper2D
LogPluginManager: Mounting plugin AISupport
LogPluginManager: Mounting plugin LightPropagationVolume
LogPluginManager: Mounting plugin ActorLayerUtilities
LogPluginManager: Mounting plugin AnimationSharing
LogPluginManager: Mounting plugin CLionSourceCodeAccess
LogPluginManager: Mounting plugin CodeLiteSourceCodeAccess
LogPluginManager: Mounting plugin GitSourceControl
LogPluginManager: Mounting plugin KDevelopSourceCodeAccess
LogPluginManager: Mounting plugin NullSourceCodeAccess
LogPluginManager: Mounting plugin PerforceSourceControl
LogPluginManager: Mounting plugin SubversionSourceControl
LogPluginManager: Mounting plugin UObjectPlugin
LogPluginManager: Mounting plugin VisualStudioCodeSourceCodeAccess
LogPluginManager: Mounting plugin VisualStudioSourceCodeAccess
LogPluginManager: Mounting plugin XCodeSourceCodeAccess
LogPluginManager: Mounting plugin AssetManagerEditor
LogPluginManager: Mounting plugin CryptoKeys
LogPluginManager: Mounting plugin DataValidation
LogPluginManager: Mounting plugin FacialAnimation
LogPluginManager: Mounting plugin GameplayTagsEditor
LogPluginManager: Mounting plugin MacGraphicsSwitching
LogPluginManager: Mounting plugin MaterialAnalyzer
LogPluginManager: Mounting plugin MobileLauncherProfileWizard
LogPluginManager: Mounting plugin PluginBrowser
LogPluginManager: Mounting plugin SpeedTreeImporter
LogPluginManager: Mounting plugin DatasmithContent
LogPluginManager: Mounting plugin VariantManagerContent
LogPluginManager: Mounting plugin AlembicImporter
LogPluginManager: Mounting plugin AppleImageUtils
LogPluginManager: Mounting plugin AppleVision
LogPluginManager: Mounting plugin BackChannel
LogPluginManager: Mounting plugin CharacterAI
LogPluginManager: Mounting plugin GeometryCache
LogPluginManager: Mounting plugin HTML5Networking
LogPluginManager: Mounting plugin ProxyLODPlugin
LogPluginManager: Mounting plugin SkeletalReduction
LogPluginManager: Mounting plugin MagicLeap
LogPluginManager: Mounting plugin MagicLeapMedia
LogPluginManager: Mounting plugin AndroidMedia
LogPluginManager: Mounting plugin AvfMedia
LogPluginManager: Mounting plugin ImgMedia
LogPluginManager: Mounting plugin LinearTimecode
LogPluginManager: Mounting plugin MediaCompositing
LogPluginManager: Mounting plugin MediaPlayerEditor
LogPluginManager: Mounting plugin WebMMedia
LogPluginManager: Mounting plugin WmfMedia
LogPluginManager: Mounting plugin TcpMessaging
LogPluginManager: Mounting plugin UdpMessaging
LogPluginManager: Mounting plugin ActorSequence
LogPluginManager: Mounting plugin LevelSequenceEditor
LogPluginManager: Mounting plugin MatineeToLevelSequence
LogPluginManager: Mounting plugin NetcodeUnitTest
LogPluginManager: Mounting plugin NUTUnrealEngine4
LogPluginManager: Mounting plugin OnlineSubsystemGooglePlay
LogPluginManager: Mounting plugin OnlineSubsystemIOS
LogPluginManager: Mounting plugin OnlineSubsystem
LogPluginManager: Mounting plugin OnlineSubsystemNull
LogPluginManager: Mounting plugin OnlineSubsystemUtils
LogPluginManager: Mounting plugin LauncherChunkInstaller
LogPluginManager: Mounting plugin AndroidDeviceProfileSelector
LogPluginManager: Mounting plugin AndroidMoviePlayer
LogPluginManager: Mounting plugin AndroidPermission
LogPluginManager: Mounting plugin AppleMoviePlayer
LogPluginManager: Mounting plugin ArchVisCharacter
LogPluginManager: Mounting plugin AudioCapture
LogPluginManager: Mounting plugin CableComponent
LogPluginManager: Mounting plugin CustomMeshComponent
LogPluginManager: Mounting plugin EditableMesh
LogPluginManager: Mounting plugin ExampleDeviceProfileSelector
LogPluginManager: Mounting plugin Firebase
LogPluginManager: Mounting plugin GoogleCloudMessaging
LogPluginManager: Mounting plugin IOSDeviceProfileSelector
LogPluginManager: Mounting plugin LinuxDeviceProfileSelector
LogPluginManager: Mounting plugin LocationServicesBPLibrary
LogPluginManager: Mounting plugin MobilePatchingUtils
LogPluginManager: Mounting plugin OculusVR
LogPluginManager: Mounting plugin PhysXVehicles
LogPluginManager: Mounting plugin ProceduralMeshComponent
LogPluginManager: Mounting plugin RuntimePhysXCooking
LogPluginManager: Mounting plugin SignificanceManager
LogPluginManager: Mounting plugin SteamVR
LogPluginManager: Mounting plugin WebMMoviePlayer
LogPluginManager: Mounting plugin WindowsMoviePlayer
LogInit: Using libcurl 7.55.1-DEV
LogInit:  - built for x86_64-pc-win32
LogInit:  - supports SSL with OpenSSL/1.1.1
LogInit:  - supports HTTP deflate (compression) using libz 1.2.8
LogInit:  - other features:
LogInit:      CURL_VERSION_SSL
LogInit:      CURL_VERSION_LIBZ
LogInit:      CURL_VERSION_IPV6
LogInit:      CURL_VERSION_ASYNCHDNS
LogInit:      CURL_VERSION_LARGEFILE
LogInit:      CURL_VERSION_IDN
LogInit:  CurlRequestOptions (configurable via config and command line):
LogInit:  - bVerifyPeer = true  - Libcurl will verify peer certificate
LogInit:  - bUseHttpProxy = false  - Libcurl will NOT use HTTP proxy
LogInit:  - bDontReuseConnections = false  - Libcurl will reuse connections
LogInit:  - MaxHostConnections = 16  - Libcurl will limit the number of connections to a host
LogInit:  - LocalHostAddr = Default
LogInit:  - BufferSize = 65536
LogInit: WinSock: version 1.1 (2.2), MaxSocks=32767, MaxUdp=65467
LogInit: Build: ++UE4+Release-4.22-CL-7053642
LogInit: Engine Version: 4.22.3-7053642+++UE4+Release-4.22
LogInit: Compatible Engine Version: 4.22.0-5660361+++UE4+Release-4.22
LogInit: Net CL: 5660361
LogInit: OS: Windows 10 (Release 1809) (), CPU: Intel(R) Core(TM) i7-7500U CPU @ 2.70GHz, GPU: Intel(R) HD Graphics 620
LogInit: Compiled (64-bit): Jun 18 2019 03:09:11
LogInit: Compiled with Visual C++: 19.16.27025.01
LogInit: Build Configuration: Development
LogInit: Branch Name: ++UE4+Release-4.22
LogInit: Command Line:  /Game/CommandCenter/CommandCenter -game -PIEVIACONSOLE -ResX=1280 -ResY=720 -Multiprocess -messaging -SessionName="Play in Standalone Game" -windowed
LogInit: Base Directory: C:/Program Files/Epic Games/UE_4.22/Engine/Binaries/Win64/
LogInit: Installed Engine Build: 1
LogDevObjectVersion: Number of dev versions registered: 23
LogDevObjectVersion:   Dev-Blueprints (B0D832E4-1F89-4F0D-ACCF-7EB736FD4AA2): 10
LogDevObjectVersion:   Dev-Build (E1C64328-A22C-4D53-A36C-8E866417BD8C): 0
LogDevObjectVersion:   Dev-Core (375EC13C-06E4-48FB-B500-84F0262A717E): 3
LogDevObjectVersion:   Dev-Editor (E4B068ED-F494-42E9-A231-DA0B2E46BB41): 30
LogDevObjectVersion:   Dev-Framework (CFFC743F-43B0-4480-9391-14DF171D2073): 35
LogDevObjectVersion:   Dev-Mobile (B02B49B5-BB20-44E9-A304-32B752E40360): 2
LogDevObjectVersion:   Dev-Networking (A4E4105C-59A1-49B5-A7C5-40C4547EDFEE): 0
LogDevObjectVersion:   Dev-Online (39C831C9-5AE6-47DC-9A44-9C173E1C8E7C): 0
LogDevObjectVersion:   Dev-Physics (78F01B33-EBEA-4F98-B9B4-84EACCB95AA2): 0
LogDevObjectVersion:   Dev-Platform (6631380F-2D4D-43E0-8009-CF276956A95A): 0
LogDevObjectVersion:   Dev-Rendering (12F88B9F-8875-4AFC-A67C-D90C383ABD29): 28
LogDevObjectVersion:   Dev-Sequencer (7B5AE74C-D270-4C10-A958-57980B212A5A): 11
LogDevObjectVersion:   Dev-VR (D7296918-1DD6-4BDD-9DE2-64A83CC13884): 2
LogDevObjectVersion:   Dev-LoadTimes (C2A15278-BFE7-4AFE-6C17-90FF531DF755): 1
LogDevObjectVersion:   Private-Geometry (6EACA3D4-40EC-4CC1-B786-8BED09428FC5): 3
LogDevObjectVersion:   Dev-AnimPhys (29E575DD-E0A3-4627-9D10-D276232CDCEA): 17
LogDevObjectVersion:   Dev-Anim (AF43A65D-7FD3-4947-9873-3E8ED9C1BB05): 2
LogDevObjectVersion:   Dev-ReflectionCapture (6B266CEC-1EC7-4B8F-A30B-E4D90942FC07): 1
LogDevObjectVersion:   Dev-Automation (0DF73D61-A23F-47EA-B727-89E90C41499A): 1
LogDevObjectVersion:   FortniteMain (601D1886-AC64-4F84-AA16-D3DE0DEAC7D6): 25
LogDevObjectVersion:   Dev-Enterprise (9DFFBCD6-494F-0158-E221-12823C92A888): 6
LogDevObjectVersion:   Dev-Niagara (F2AED0AC-9AFE-416F-8664-AA7FFA26D6FC): 1
LogDevObjectVersion:   Dev-Destruction (174F1F0B-B4C6-45A5-B13F-2EE8D0FB917D): 2
LogInit: Presizing for max 16777216 objects, including 0 objects not considered by GC, pre-allocating 0 bytes for permanent pool.
LogInit: Object subsystem initialized
LogConfig: Setting CVar [[con.DebugEarlyDefault:1]]
LogConfig: Setting CVar [[r.setres:1280x720]]
[2020.02.02-17.00.02:855][  0]LogConfig: Setting CVar [[con.DebugEarlyDefault:1]]
[2020.02.02-17.00.02:855][  0]LogConfig: Setting CVar [[r.setres:1280x720]]
[2020.02.02-17.00.02:855][  0]LogConfig: Applying CVar settings from Section [/Script/Engine.RendererSettings] File [D:/Documents/Unreal Projects/StationRepair/Saved/Config/Windows/Engine.ini]
[2020.02.02-17.00.02:855][  0]LogConfig: Setting CVar [[r.GPUCrashDebugging:0]]
[2020.02.02-17.00.02:855][  0]LogConfig: Setting CVar [[r.DefaultFeature.AutoExposure.ExtendDefaultLuminanceRange:1]]
[2020.02.02-17.00.02:855][  0]LogConfig: Applying CVar settings from Section [/Script/Engine.RendererOverrideSettings] File [D:/Documents/Unreal Projects/StationRepair/Saved/Config/Windows/Engine.ini]
[2020.02.02-17.00.02:855][  0]LogConfig: Applying CVar settings from Section [/Script/Engine.StreamingSettings] File [D:/Documents/Unreal Projects/StationRepair/Saved/Config/Windows/Engine.ini]
[2020.02.02-17.00.02:855][  0]LogConfig: Setting CVar [[s.MinBulkDataSizeForAsyncLoading:131072]]
[2020.02.02-17.00.02:855][  0]LogConfig: Setting CVar [[s.AsyncLoadingThreadEnabled:0]]
[2020.02.02-17.00.02:856][  0]LogConfig: Setting CVar [[s.EventDrivenLoaderEnabled:1]]
[2020.02.02-17.00.02:856][  0]LogConfig: Setting CVar [[s.WarnIfTimeLimitExceeded:0]]
[2020.02.02-17.00.02:856][  0]LogConfig: Setting CVar [[s.TimeLimitExceededMultiplier:1.5]]
[2020.02.02-17.00.02:856][  0]LogConfig: Setting CVar [[s.TimeLimitExceededMinTime:0.005]]
[2020.02.02-17.00.02:856][  0]LogConfig: Setting CVar [[s.UseBackgroundLevelStreaming:1]]
[2020.02.02-17.00.02:856][  0]LogConfig: Setting CVar [[s.PriorityAsyncLoadingExtraTime:15.0]]
[2020.02.02-17.00.02:856][  0]LogConfig: Setting CVar [[s.LevelStreamingActorsUpdateTimeLimit:5.0]]
[2020.02.02-17.00.02:856][  0]LogConfig: Setting CVar [[s.PriorityLevelStreamingActorsUpdateExtraTime:5.0]]
[2020.02.02-17.00.02:856][  0]LogConfig: Setting CVar [[s.LevelStreamingComponentsRegistrationGranularity:10]]
[2020.02.02-17.00.02:856][  0]LogConfig: Setting CVar [[s.UnregisterComponentsTimeLimit:1.0]]
[2020.02.02-17.00.02:856][  0]LogConfig: Setting CVar [[s.LevelStreamingComponentsUnregistrationGranularity:5]]
[2020.02.02-17.00.02:856][  0]LogConfig: Applying CVar settings from Section [/Script/Engine.GarbageCollectionSettings] File [D:/Documents/Unreal Projects/StationRepair/Saved/Config/Windows/Engine.ini]
[2020.02.02-17.00.02:856][  0]LogConfig: Setting CVar [[gc.MaxObjectsNotConsideredByGC:1]]
[2020.02.02-17.00.02:856][  0]LogConfig: Setting CVar [[gc.SizeOfPermanentObjectPool:0]]
[2020.02.02-17.00.02:857][  0]LogConfig: Setting CVar [[gc.FlushStreamingOnGC:0]]
[2020.02.02-17.00.02:857][  0]LogConfig: Setting CVar [[gc.NumRetriesBeforeForcingGC:10]]
[2020.02.02-17.00.02:857][  0]LogConfig: Setting CVar [[gc.AllowParallelGC:1]]
[2020.02.02-17.00.02:857][  0]LogConfig: Setting CVar [[gc.TimeBetweenPurgingPendingKillObjects:61.1]]
[2020.02.02-17.00.02:857][  0]LogConfig: Setting CVar [[gc.MaxObjectsInEditor:16777216]]
[2020.02.02-17.00.02:857][  0]LogConfig: Setting CVar [[gc.IncrementalBeginDestroyEnabled:1]]
[2020.02.02-17.00.02:857][  0]LogConfig: Setting CVar [[gc.CreateGCClusters:1]]
[2020.02.02-17.00.02:857][  0]LogConfig: Setting CVar [[gc.MinGCClusterSize:5]]
[2020.02.02-17.00.02:857][  0]LogConfig: Setting CVar [[gc.ActorClusteringEnabled:0]]
[2020.02.02-17.00.02:857][  0]LogConfig: Setting CVar [[gc.BlueprintClusteringEnabled:0]]
[2020.02.02-17.00.02:857][  0]LogConfig: Setting CVar [[gc.UseDisregardForGCOnDedicatedServers:0]]
[2020.02.02-17.00.02:857][  0]LogConfig: Applying CVar settings from Section [/Script/Engine.NetworkSettings] File [D:/Documents/Unreal Projects/StationRepair/Saved/Config/Windows/Engine.ini]
[2020.02.02-17.00.02:857][  0]LogConfig: Applying CVar settings from Section [/Script/UnrealEd.CookerSettings] File [D:/Documents/Unreal Projects/StationRepair/Saved/Config/Windows/Engine.ini]
[2020.02.02-17.00.02:871][  0]LogConfig: Applying CVar settings from Section [ViewDistanceQuality@3] File [D:/Documents/Unreal Projects/StationRepair/Saved/Config/Windows/Scalability.ini]
[2020.02.02-17.00.02:871][  0]LogConfig: Setting CVar [[r.SkeletalMeshLODBias:0]]
[2020.02.02-17.00.02:871][  0]LogConfig: Setting CVar [[r.ViewDistanceScale:1.0]]
[2020.02.02-17.00.02:871][  0]LogConfig: Applying CVar settings from Section [AntiAliasingQuality@3] File [D:/Documents/Unreal Projects/StationRepair/Saved/Config/Windows/Scalability.ini]
[2020.02.02-17.00.02:871][  0]LogConfig: Setting CVar [[r.PostProcessAAQuality:4]]
[2020.02.02-17.00.02:871][  0]LogConfig: Applying CVar settings from Section [ShadowQuality@3] File [D:/Documents/Unreal Projects/StationRepair/Saved/Config/Windows/Scalability.ini]
[2020.02.02-17.00.02:871][  0]LogConfig: Setting CVar [[r.LightFunctionQuality:1]]
[2020.02.02-17.00.02:871][  0]LogConfig: Setting CVar [[r.ShadowQuality:5]]
[2020.02.02-17.00.02:871][  0]LogConfig: Setting CVar [[r.Shadow.CSM.MaxCascades:10]]
[2020.02.02-17.00.02:871][  0]LogConfig: Setting CVar [[r.Shadow.MaxResolution:2048]]
[2020.02.02-17.00.02:871][  0]LogConfig: Setting CVar [[r.Shadow.MaxCSMResolution:2048]]
[2020.02.02-17.00.02:871][  0]LogConfig: Setting CVar [[r.Shadow.RadiusThreshold:0.01]]
[2020.02.02-17.00.02:871][  0]LogConfig: Setting CVar [[r.Shadow.DistanceScale:1.0]]
[2020.02.02-17.00.02:871][  0]LogConfig: Setting CVar [[r.Shadow.CSM.TransitionScale:1.0]]
[2020.02.02-17.00.02:871][  0]LogConfig: Setting CVar [[r.Shadow.PreShadowResolutionFactor:1.0]]
[2020.02.02-17.00.02:871][  0]LogConfig: Setting CVar [[r.DistanceFieldShadowing:1]]
[2020.02.02-17.00.02:871][  0]LogConfig: Setting CVar [[r.DistanceFieldAO:1]]
[2020.02.02-17.00.02:871][  0]LogConfig: Setting CVar [[r.AOQuality:2]]
[2020.02.02-17.00.02:871][  0]LogConfig: Setting CVar [[r.VolumetricFog:1]]
[2020.02.02-17.00.02:871][  0]LogConfig: Setting CVar [[r.VolumetricFog.GridPixelSize:8]]
[2020.02.02-17.00.02:871][  0]LogConfig: Setting CVar [[r.VolumetricFog.GridSizeZ:128]]
[2020.02.02-17.00.02:871][  0]LogConfig: Setting CVar [[r.VolumetricFog.HistoryMissSupersampleCount:4]]
[2020.02.02-17.00.02:871][  0]LogConfig: Setting CVar [[r.LightMaxDrawDistanceScale:1]]
[2020.02.02-17.00.02:872][  0]LogConfig: Setting CVar [[r.CapsuleShadows:1]]
[2020.02.02-17.00.02:872][  0]LogConfig: Applying CVar settings from Section [PostProcessQuality@3] File [D:/Documents/Unreal Projects/StationRepair/Saved/Config/Windows/Scalability.ini]
[2020.02.02-17.00.02:872][  0]LogConfig: Setting CVar [[r.MotionBlurQuality:4]]
[2020.02.02-17.00.02:872][  0]LogConfig: Setting CVar [[r.AmbientOcclusionMipLevelFactor:0.4]]
[2020.02.02-17.00.02:872][  0]LogConfig: Setting CVar [[r.AmbientOcclusionMaxQuality:100]]
[2020.02.02-17.00.02:872][  0]LogConfig: Setting CVar [[r.AmbientOcclusionLevels:-1]]
[2020.02.02-17.00.02:872][  0]LogConfig: Setting CVar [[r.AmbientOcclusionRadiusScale:1.0]]
[2020.02.02-17.00.02:872][  0]LogConfig: Setting CVar [[r.DepthOfFieldQuality:2]]
[2020.02.02-17.00.02:872][  0]LogConfig: Setting CVar [[r.RenderTargetPoolMin:400]]
[2020.02.02-17.00.02:872][  0]LogConfig: Setting CVar [[r.LensFlareQuality:2]]
[2020.02.02-17.00.02:872][  0]LogConfig: Setting CVar [[r.SceneColorFringeQuality:1]]
[2020.02.02-17.00.02:872][  0]LogConfig: Setting CVar [[r.EyeAdaptationQuality:2]]
[2020.02.02-17.00.02:872][  0]LogConfig: Setting CVar [[r.BloomQuality:5]]
[2020.02.02-17.00.02:872][  0]LogConfig: Setting CVar [[r.FastBlurThreshold:100]]
[2020.02.02-17.00.02:872][  0]LogConfig: Setting CVar [[r.Upscale.Quality:3]]
[2020.02.02-17.00.02:872][  0]LogConfig: Setting CVar [[r.Tonemapper.GrainQuantization:1]]
[2020.02.02-17.00.02:872][  0]LogConfig: Setting CVar [[r.LightShaftQuality:1]]
[2020.02.02-17.00.02:872][  0]LogConfig: Setting CVar [[r.Filter.SizeScale:1]]
[2020.02.02-17.00.02:872][  0]LogConfig: Setting CVar [[r.Tonemapper.Quality:5]]
[2020.02.02-17.00.02:872][  0]LogConfig: Setting CVar [[r.DOF.Gather.AccumulatorQuality:1        ; higher gathering accumulator quality]]
[2020.02.02-17.00.02:872][  0]LogConfig: Setting CVar [[r.DOF.Gather.PostfilterMethod:1          ; Median3x3 postfilering method]]
[2020.02.02-17.00.02:872][  0]LogConfig: Setting CVar [[r.DOF.Gather.EnableBokehSettings:0       ; no bokeh simulation when gathering]]
[2020.02.02-17.00.02:872][  0]LogConfig: Setting CVar [[r.DOF.Gather.RingCount:4                 ; medium number of samples when gathering]]
[2020.02.02-17.00.02:873][  0]LogConfig: Setting CVar [[r.DOF.Scatter.ForegroundCompositing:1    ; additive foreground scattering]]
[2020.02.02-17.00.02:873][  0]LogConfig: Setting CVar [[r.DOF.Scatter.BackgroundCompositing:2    ; additive background scattering]]
[2020.02.02-17.00.02:873][  0]LogConfig: Setting CVar [[r.DOF.Scatter.EnableBokehSettings:1      ; bokeh simulation when scattering]]
[2020.02.02-17.00.02:873][  0]LogConfig: Setting CVar [[r.DOF.Scatter.MaxSpriteRatio:0.1         ; only a maximum of 10% of scattered bokeh]]
[2020.02.02-17.00.02:873][  0]LogConfig: Setting CVar [[r.DOF.Recombine.Quality:1                ; cheap slight out of focus]]
[2020.02.02-17.00.02:873][  0]LogConfig: Setting CVar [[r.DOF.Recombine.EnableBokehSettings:0    ; no bokeh simulation on slight out of focus]]
[2020.02.02-17.00.02:873][  0]LogConfig: Setting CVar [[r.DOF.TemporalAAQuality:1                ; more stable temporal accumulation]]
[2020.02.02-17.00.02:873][  0]LogConfig: Setting CVar [[r.DOF.Kernel.MaxForegroundRadius:0.025]]
[2020.02.02-17.00.02:873][  0]LogConfig: Setting CVar [[r.DOF.Kernel.MaxBackgroundRadius:0.025]]
[2020.02.02-17.00.02:873][  0]LogConfig: Applying CVar settings from Section [TextureQuality@3] File [D:/Documents/Unreal Projects/StationRepair/Saved/Config/Windows/Scalability.ini]
[2020.02.02-17.00.02:873][  0]LogConfig: Setting CVar [[r.Streaming.MipBias:0]]
[2020.02.02-17.00.02:873][  0]LogConfig: Setting CVar [[r.Streaming.AmortizeCPUToGPUCopy:0]]
[2020.02.02-17.00.02:873][  0]LogConfig: Setting CVar [[r.Streaming.MaxNumTexturesToStreamPerFrame:0]]
[2020.02.02-17.00.02:873][  0]LogConfig: Setting CVar [[r.Streaming.Boost:1]]
[2020.02.02-17.00.02:873][  0]LogConfig: Setting CVar [[r.MaxAnisotropy:8]]
[2020.02.02-17.00.02:873][  0]LogConfig: Setting CVar [[r.Streaming.LimitPoolSizeToVRAM:0]]
[2020.02.02-17.00.02:874][  0]LogConfig: Setting CVar [[r.Streaming.PoolSize:1000]]
[2020.02.02-17.00.02:874][  0]LogConfig: Setting CVar [[r.Streaming.MaxEffectiveScreenSize:0]]
[2020.02.02-17.00.02:874][  0]LogConfig: Applying CVar settings from Section [EffectsQuality@3] File [D:/Documents/Unreal Projects/StationRepair/Saved/Config/Windows/Scalability.ini]
[2020.02.02-17.00.02:874][  0]LogConfig: Setting CVar [[r.TranslucencyLightingVolumeDim:64]]
[2020.02.02-17.00.02:874][  0]LogConfig: Setting CVar [[r.RefractionQuality:2]]
[2020.02.02-17.00.02:874][  0]LogConfig: Setting CVar [[r.SSR.Quality:3]]
[2020.02.02-17.00.02:874][  0]LogConfig: Setting CVar [[r.SceneColorFormat:4]]
[2020.02.02-17.00.02:874][  0]LogConfig: Setting CVar [[r.DetailMode:2]]
[2020.02.02-17.00.02:874][  0]LogConfig: Setting CVar [[r.TranslucencyVolumeBlur:1]]
[2020.02.02-17.00.02:874][  0]LogConfig: Setting CVar [[r.MaterialQualityLevel:1 ; High quality]]
[2020.02.02-17.00.02:874][  0]LogConfig: Setting CVar [[r.SSS.Scale:1]]
[2020.02.02-17.00.02:874][  0]LogConfig: Setting CVar [[r.SSS.SampleSet:2]]
[2020.02.02-17.00.02:874][  0]LogConfig: Setting CVar [[r.SSS.Quality:1]]
[2020.02.02-17.00.02:874][  0]LogConfig: Setting CVar [[r.SSS.HalfRes:1]]
[2020.02.02-17.00.02:874][  0]LogConfig: Setting CVar [[r.EmitterSpawnRateScale:1.0]]
[2020.02.02-17.00.02:875][  0]LogConfig: Setting CVar [[r.ParticleLightQuality:2]]
[2020.02.02-17.00.02:875][  0]LogConfig: Applying CVar settings from Section [FoliageQuality@3] File [D:/Documents/Unreal Projects/StationRepair/Saved/Config/Windows/Scalability.ini]
[2020.02.02-17.00.02:875][  0]LogConfig: Setting CVar [[foliage.DensityScale:1.0]]
[2020.02.02-17.00.02:875][  0]LogConfig: Setting CVar [[grass.DensityScale:1.0]]
[2020.02.02-17.00.02:876][  0]LogInit: Selected Device Profile: [Windows]
[2020.02.02-17.00.02:876][  0]LogInit: Applying CVar settings loaded from the selected device profile: [Windows]
[2020.02.02-17.00.02:895][  0]LogHAL: Display: Platform has ~ 8 GB [8471437312 / 8589934592 / 8], which maps to Default [LargestMinGB=32, LargerMinGB=12, DefaultMinGB=8, SmallerMinGB=6, SmallestMinGB=0)
[2020.02.02-17.00.02:895][  0]LogConfig: Setting CVar [[r.Vulkan.UseRealUBs:0		; Required until we fix HLR fall-out]]
[2020.02.02-17.00.02:895][  0]LogInit: Going up to parent DeviceProfile []
[2020.02.02-17.00.02:895][  0]LogConfig: Applying CVar settings from Section [ViewDistanceQuality@3] File [D:/Documents/Unreal Projects/StationRepair/Saved/Config/Windows/Scalability.ini]
[2020.02.02-17.00.02:895][  0]LogConfig: Setting CVar [[r.SkeletalMeshLODBias:0]]
[2020.02.02-17.00.02:895][  0]LogConfig: Setting CVar [[r.ViewDistanceScale:1.0]]
[2020.02.02-17.00.02:895][  0]LogConfig: Applying CVar settings from Section [AntiAliasingQuality@3] File [D:/Documents/Unreal Projects/StationRepair/Saved/Config/Windows/Scalability.ini]
[2020.02.02-17.00.02:895][  0]LogConfig: Setting CVar [[r.PostProcessAAQuality:4]]
[2020.02.02-17.00.02:895][  0]LogConfig: Applying CVar settings from Section [ShadowQuality@3] File [D:/Documents/Unreal Projects/StationRepair/Saved/Config/Windows/Scalability.ini]
[2020.02.02-17.00.02:895][  0]LogConfig: Setting CVar [[r.LightFunctionQuality:1]]
[2020.02.02-17.00.02:895][  0]LogConfig: Setting CVar [[r.ShadowQuality:5]]
[2020.02.02-17.00.02:895][  0]LogConfig: Setting CVar [[r.Shadow.CSM.MaxCascades:10]]
[2020.02.02-17.00.02:895][  0]LogConfig: Setting CVar [[r.Shadow.MaxResolution:2048]]
[2020.02.02-17.00.02:895][  0]LogConfig: Setting CVar [[r.Shadow.MaxCSMResolution:2048]]
[2020.02.02-17.00.02:895][  0]LogConfig: Setting CVar [[r.Shadow.RadiusThreshold:0.01]]
[2020.02.02-17.00.02:895][  0]LogConfig: Setting CVar [[r.Shadow.DistanceScale:1.0]]
[2020.02.02-17.00.02:895][  0]LogConfig: Setting CVar [[r.Shadow.CSM.TransitionScale:1.0]]
[2020.02.02-17.00.02:895][  0]LogConfig: Setting CVar [[r.Shadow.PreShadowResolutionFactor:1.0]]
[2020.02.02-17.00.02:895][  0]LogConfig: Setting CVar [[r.DistanceFieldShadowing:1]]
[2020.02.02-17.00.02:895][  0]LogConfig: Setting CVar [[r.DistanceFieldAO:1]]
[2020.02.02-17.00.02:895][  0]LogConfig: Setting CVar [[r.AOQuality:2]]
[2020.02.02-17.00.02:895][  0]LogConfig: Setting CVar [[r.VolumetricFog:1]]
[2020.02.02-17.00.02:895][  0]LogConfig: Setting CVar [[r.VolumetricFog.GridPixelSize:8]]
[2020.02.02-17.00.02:895][  0]LogConfig: Setting CVar [[r.VolumetricFog.GridSizeZ:128]]
[2020.02.02-17.00.02:895][  0]LogConfig: Setting CVar [[r.VolumetricFog.HistoryMissSupersampleCount:4]]
[2020.02.02-17.00.02:896][  0]LogConfig: Setting CVar [[r.LightMaxDrawDistanceScale:1]]
[2020.02.02-17.00.02:896][  0]LogConfig: Setting CVar [[r.CapsuleShadows:1]]
[2020.02.02-17.00.02:896][  0]LogConfig: Applying CVar settings from Section [PostProcessQuality@3] File [D:/Documents/Unreal Projects/StationRepair/Saved/Config/Windows/Scalability.ini]
[2020.02.02-17.00.02:896][  0]LogConfig: Setting CVar [[r.MotionBlurQuality:4]]
[2020.02.02-17.00.02:896][  0]LogConfig: Setting CVar [[r.AmbientOcclusionMipLevelFactor:0.4]]
[2020.02.02-17.00.02:896][  0]LogConfig: Setting CVar [[r.AmbientOcclusionMaxQuality:100]]
[2020.02.02-17.00.02:896][  0]LogConfig: Setting CVar [[r.AmbientOcclusionLevels:-1]]
[2020.02.02-17.00.02:896][  0]LogConfig: Setting CVar [[r.AmbientOcclusionRadiusScale:1.0]]
[2020.02.02-17.00.02:896][  0]LogConfig: Setting CVar [[r.DepthOfFieldQuality:2]]
[2020.02.02-17.00.02:896][  0]LogConfig: Setting CVar [[r.RenderTargetPoolMin:400]]
[2020.02.02-17.00.02:896][  0]LogConfig: Setting CVar [[r.LensFlareQuality:2]]
[2020.02.02-17.00.02:896][  0]LogConfig: Setting CVar [[r.SceneColorFringeQuality:1]]
[2020.02.02-17.00.02:896][  0]LogConfig: Setting CVar [[r.EyeAdaptationQuality:2]]
[2020.02.02-17.00.02:896][  0]LogConfig: Setting CVar [[r.BloomQuality:5]]
[2020.02.02-17.00.02:896][  0]LogConfig: Setting CVar [[r.FastBlurThreshold:100]]
[2020.02.02-17.00.02:896][  0]LogConfig: Setting CVar [[r.Upscale.Quality:3]]
[2020.02.02-17.00.02:896][  0]LogConfig: Setting CVar [[r.Tonemapper.GrainQuantization:1]]
[2020.02.02-17.00.02:896][  0]LogConfig: Setting CVar [[r.LightShaftQuality:1]]
[2020.02.02-17.00.02:896][  0]LogConfig: Setting CVar [[r.Filter.SizeScale:1]]
[2020.02.02-17.00.02:896][  0]LogConfig: Setting CVar [[r.Tonemapper.Quality:5]]
[2020.02.02-17.00.02:896][  0]LogConfig: Setting CVar [[r.DOF.Gather.AccumulatorQuality:1        ; higher gathering accumulator quality]]
[2020.02.02-17.00.02:896][  0]LogConfig: Setting CVar [[r.DOF.Gather.PostfilterMethod:1          ; Median3x3 postfilering method]]
[2020.02.02-17.00.02:896][  0]LogConfig: Setting CVar [[r.DOF.Gather.EnableBokehSettings:0       ; no bokeh simulation when gathering]]
[2020.02.02-17.00.02:896][  0]LogConfig: Setting CVar [[r.DOF.Gather.RingCount:4                 ; medium number of samples when gathering]]
[2020.02.02-17.00.02:896][  0]LogConfig: Setting CVar [[r.DOF.Scatter.ForegroundCompositing:1    ; additive foreground scattering]]
[2020.02.02-17.00.02:896][  0]LogConfig: Setting CVar [[r.DOF.Scatter.BackgroundCompositing:2    ; additive background scattering]]
[2020.02.02-17.00.02:896][  0]LogConfig: Setting CVar [[r.DOF.Scatter.EnableBokehSettings:1      ; bokeh simulation when scattering]]
[2020.02.02-17.00.02:896][  0]LogConfig: Setting CVar [[r.DOF.Scatter.MaxSpriteRatio:0.1         ; only a maximum of 10% of scattered bokeh]]
[2020.02.02-17.00.02:896][  0]LogConfig: Setting CVar [[r.DOF.Recombine.Quality:1                ; cheap slight out of focus]]
[2020.02.02-17.00.02:896][  0]LogConfig: Setting CVar [[r.DOF.Recombine.EnableBokehSettings:0    ; no bokeh simulation on slight out of focus]]
[2020.02.02-17.00.02:896][  0]LogConfig: Setting CVar [[r.DOF.TemporalAAQuality:1                ; more stable temporal accumulation]]
[2020.02.02-17.00.02:896][  0]LogConfig: Setting CVar [[r.DOF.Kernel.MaxForegroundRadius:0.025]]
[2020.02.02-17.00.02:896][  0]LogConfig: Setting CVar [[r.DOF.Kernel.MaxBackgroundRadius:0.025]]
[2020.02.02-17.00.02:896][  0]LogConfig: Applying CVar settings from Section [TextureQuality@3] File [D:/Documents/Unreal Projects/StationRepair/Saved/Config/Windows/Scalability.ini]
[2020.02.02-17.00.02:896][  0]LogConfig: Setting CVar [[r.Streaming.MipBias:0]]
[2020.02.02-17.00.02:896][  0]LogConfig: Setting CVar [[r.Streaming.AmortizeCPUToGPUCopy:0]]
[2020.02.02-17.00.02:896][  0]LogConfig: Setting CVar [[r.Streaming.MaxNumTexturesToStreamPerFrame:0]]
[2020.02.02-17.00.02:896][  0]LogConfig: Setting CVar [[r.Streaming.Boost:1]]
[2020.02.02-17.00.02:897][  0]LogConfig: Setting CVar [[r.MaxAnisotropy:8]]
[2020.02.02-17.00.02:897][  0]LogConfig: Setting CVar [[r.Streaming.LimitPoolSizeToVRAM:0]]
[2020.02.02-17.00.02:897][  0]LogConfig: Setting CVar [[r.Streaming.PoolSize:1000]]
[2020.02.02-17.00.02:897][  0]LogConfig: Setting CVar [[r.Streaming.MaxEffectiveScreenSize:0]]
[2020.02.02-17.00.02:897][  0]LogConfig: Applying CVar settings from Section [EffectsQuality@3] File [D:/Documents/Unreal Projects/StationRepair/Saved/Config/Windows/Scalability.ini]
[2020.02.02-17.00.02:897][  0]LogConfig: Setting CVar [[r.TranslucencyLightingVolumeDim:64]]
[2020.02.02-17.00.02:897][  0]LogConfig: Setting CVar [[r.RefractionQuality:2]]
[2020.02.02-17.00.02:897][  0]LogConfig: Setting CVar [[r.SSR.Quality:3]]
[2020.02.02-17.00.02:897][  0]LogConfig: Setting CVar [[r.SceneColorFormat:4]]
[2020.02.02-17.00.02:897][  0]LogConfig: Setting CVar [[r.DetailMode:2]]
[2020.02.02-17.00.02:897][  0]LogConfig: Setting CVar [[r.TranslucencyVolumeBlur:1]]
[2020.02.02-17.00.02:897][  0]LogConfig: Setting CVar [[r.MaterialQualityLevel:1 ; High quality]]
[2020.02.02-17.00.02:897][  0]LogConfig: Setting CVar [[r.SSS.Scale:1]]
[2020.02.02-17.00.02:897][  0]LogConfig: Setting CVar [[r.SSS.SampleSet:2]]
[2020.02.02-17.00.02:897][  0]LogConfig: Setting CVar [[r.SSS.Quality:1]]
[2020.02.02-17.00.02:897][  0]LogConfig: Setting CVar [[r.SSS.HalfRes:1]]
[2020.02.02-17.00.02:897][  0]LogConfig: Setting CVar [[r.EmitterSpawnRateScale:1.0]]
[2020.02.02-17.00.02:897][  0]LogConfig: Setting CVar [[r.ParticleLightQuality:2]]
[2020.02.02-17.00.02:897][  0]LogConfig: Applying CVar settings from Section [FoliageQuality@3] File [D:/Documents/Unreal Projects/StationRepair/Saved/Config/Windows/Scalability.ini]
[2020.02.02-17.00.02:897][  0]LogConfig: Setting CVar [[foliage.DensityScale:1.0]]
[2020.02.02-17.00.02:897][  0]LogConfig: Setting CVar [[grass.DensityScale:1.0]]
[2020.02.02-17.00.02:898][  0]LogConfig: Applying CVar settings from Section [Startup] File [../../../Engine/Config/ConsoleVariables.ini]
[2020.02.02-17.00.02:898][  0]LogConfig: Setting CVar [[net.UseAdaptiveNetUpdateFrequency:0]]
[2020.02.02-17.00.02:898][  0]LogConfig: Setting CVar [[p.chaos.AllowCreatePhysxBodies:1]]
[2020.02.02-17.00.02:898][  0]LogConfig: Applying CVar settings from Section [ConsoleVariables] File [D:/Documents/Unreal Projects/StationRepair/Saved/Config/Windows/Engine.ini]
[2020.02.02-17.00.02:898][  0]LogInit: Computer: DESKTOP-K8IEGHB
[2020.02.02-17.00.02:898][  0]LogInit: User: jaket
[2020.02.02-17.00.02:898][  0]LogInit: CPU Page size=4096, Cores=2
[2020.02.02-17.00.02:899][  0]LogInit: High frequency timer resolution =10.000000 MHz
[2020.02.02-17.00.02:899][  0]LogMemory: Memory total: Physical=7.9GB (8GB approx)
[2020.02.02-17.00.02:899][  0]LogMemory: Platform Memory Stats for Windows
[2020.02.02-17.00.02:899][  0]LogMemory: Process Physical Memory: 96.95 MB used, 96.95 MB peak
[2020.02.02-17.00.02:899][  0]LogMemory: Process Virtual Memory: 90.14 MB used, 90.14 MB peak
[2020.02.02-17.00.02:899][  0]LogMemory: Physical Memory: 6074.57 MB used,  2004.42 MB free, 8078.99 MB total
[2020.02.02-17.00.02:899][  0]LogMemory: Virtual Memory: 4627.31 MB used,  134213104.00 MB free, 134217728.00 MB total
[2020.02.02-17.00.03:012][  0]LogInit: Using OS detected language (en-US).
[2020.02.02-17.00.03:012][  0]LogInit: Using OS detected locale (en-CA).
[2020.02.02-17.00.03:017][  0]LogTextLocalizationManager: No specific localization for 'en-US' exists, so the 'en' localization will be used.
[2020.02.02-17.00.04:198][  0]LogSlate: New Slate User Created.  User Index 0, Is Virtual User: 0
[2020.02.02-17.00.04:198][  0]LogSlate: Slate User Registered.  User Index 0, Is Virtual User: 0
[2020.02.02-17.00.04:220][  0]LogHMD: Failed to initialize OpenVR with code 110
[2020.02.02-17.00.04:220][  0]LogD3D11RHI: D3D11 adapters:
[2020.02.02-17.00.04:390][  0]LogD3D11RHI:    0. 'Intel(R) HD Graphics 620' (Feature Level 11_0)
[2020.02.02-17.00.04:390][  0]LogD3D11RHI:       128/0/4039 MB DedicatedVideo/DedicatedSystem/SharedSystem, Outputs:1, VendorId:0x8086
[2020.02.02-17.00.04:404][  0]LogD3D11RHI:    1. 'Microsoft Basic Render Driver' (Feature Level 11_0)
[2020.02.02-17.00.04:404][  0]LogD3D11RHI:       0/0/4039 MB DedicatedVideo/DedicatedSystem/SharedSystem, Outputs:0, VendorId:0x1414
[2020.02.02-17.00.04:404][  0]LogD3D11RHI: Chosen D3D11 Adapter: 0
[2020.02.02-17.00.04:411][  0]LogD3D11RHI: Creating new Direct3DDevice
[2020.02.02-17.00.04:411][  0]LogD3D11RHI:     GPU DeviceId: 0x5916 (for the marketing name, search the web for "GPU Device Id")
[2020.02.02-17.00.04:411][  0]LogWindows: EnumDisplayDevices:
[2020.02.02-17.00.04:411][  0]LogWindows:    0. 'Intel(R) HD Graphics 620' (P:1 D:1)
[2020.02.02-17.00.04:412][  0]LogWindows:    1. 'Intel(R) HD Graphics 620' (P:0 D:0)
[2020.02.02-17.00.04:413][  0]LogWindows:    2. 'Intel(R) HD Graphics 620' (P:0 D:0)
[2020.02.02-17.00.04:413][  0]LogWindows: DebugString: FoundDriverCount:3 
[2020.02.02-17.00.04:413][  0]LogD3D11RHI:     Adapter Name: Intel(R) HD Graphics 620
[2020.02.02-17.00.04:413][  0]LogD3D11RHI:   Driver Version: 23.20.16.4973 (internal:23.20.16.4973, unified:23.20.16.4973)
[2020.02.02-17.00.04:413][  0]LogD3D11RHI:      Driver Date: 2-28-2018
[2020.02.02-17.00.04:413][  0]LogRHI: Texture pool is 1503 MB (70% of 2147 MB)
[2020.02.02-17.00.04:514][  0]LogD3D11RHI: Async texture creation enabled
[2020.02.02-17.00.04:522][  0]LogRendererCore: FGlobalReadBuffer::InitRHI
[2020.02.02-17.00.04:522][  0]LogRendererCore: FGlobalReadBuffer::InitRHI
[2020.02.02-17.00.04:522][  0]LogRendererCore: FGlobalReadBuffer::InitRHI
[2020.02.02-17.00.04:524][  0]LogD3D11RHI: GPU Timing Frequency: 12.000048 (Debug: 2 0)
[2020.02.02-17.00.05:002][  0]LogTemp: Display: Module 'WindowsClientTargetPlatform' loaded TargetPlatform 'WindowsClient'
[2020.02.02-17.00.05:019][  0]LogTemp: Display: Module 'WindowsNoEditorTargetPlatform' loaded TargetPlatform 'WindowsNoEditor'
[2020.02.02-17.00.05:035][  0]LogTemp: Display: Module 'WindowsServerTargetPlatform' loaded TargetPlatform 'WindowsServer'
[2020.02.02-17.00.05:044][  0]LogTemp: Display: Module 'WindowsTargetPlatform' loaded TargetPlatform 'Windows'
[2020.02.02-17.00.05:044][  0]LogTargetPlatformManager: Display: Building Assets For Windows
[2020.02.02-17.00.05:065][  0]LogAudioDebug: Display: Lib vorbis DLL was dynamically loaded.
[2020.02.02-17.00.05:191][  0]LogShaderCompilers: Guid format shader working directory is 4 characters bigger than the processId version (D:/Documents/Unreal Projects/StationRepair/Intermediate/Shaders/WorkingDirectory/2552/).
[2020.02.02-17.00.05:191][  0]LogShaderCompilers: Cleaned the shader compiler working directory 'C:/Users/jaket/AppData/Local/Temp/UnrealShaderWorkingDir/752AF10E4B348C9E657AA78AA1FA7A12/'.
[2020.02.02-17.00.05:195][  0]LogXGEController: Cannot use XGE Controller as Incredibuild is not installed on this machine.
[2020.02.02-17.00.05:195][  0]LogShaderCompilers: Cannot use XGE Shader Compiler as Incredibuild is not installed on this machine.
[2020.02.02-17.00.05:195][  0]LogShaderCompilers: Display: Using Local Shader Compiler.
[2020.02.02-17.00.05:982][  0]LogDerivedDataCache: Display: Max Cache Size: 512 MB
[2020.02.02-17.00.06:185][  0]LogDerivedDataCache: Loaded boot cache 0.20s 71MB C:/Users/jaket/AppData/Local/UnrealEngine/4.22/DerivedDataCache/Boot.ddc.
[2020.02.02-17.00.06:185][  0]LogDerivedDataCache: Display: Loaded Boot cache: C:/Users/jaket/AppData/Local/UnrealEngine/4.22/DerivedDataCache/Boot.ddc
[2020.02.02-17.00.06:185][  0]LogDerivedDataCache: FDerivedDataBackendGraph:  Pak pak cache file D:/Documents/Unreal Projects/StationRepair/DerivedDataCache/DDC.ddp not found, will not use a pak cache.
[2020.02.02-17.00.06:185][  0]LogDerivedDataCache: Unable to find inner node Pak for hierarchical cache Hierarchy.
[2020.02.02-17.00.06:185][  0]LogDerivedDataCache: FDerivedDataBackendGraph:  CompressedPak pak cache file D:/Documents/Unreal Projects/StationRepair/DerivedDataCache/Compressed.ddp not found, will not use a pak cache.
[2020.02.02-17.00.06:185][  0]LogDerivedDataCache: Unable to find inner node CompressedPak for hierarchical cache Hierarchy.
[2020.02.02-17.00.06:199][  0]LogDerivedDataCache: Display: Pak cache opened for reading ../../../Engine/DerivedDataCache/Compressed.ddp.
[2020.02.02-17.00.06:199][  0]LogDerivedDataCache: FDerivedDataBackendGraph:  EnterprisePak pak cache file ../../../Enterprise/DerivedDataCache/Compressed.ddp not found, will not use a pak cache.
[2020.02.02-17.00.06:199][  0]LogDerivedDataCache: Unable to find inner node EnterprisePak for hierarchical cache Hierarchy.
[2020.02.02-17.00.06:211][  0]LogDerivedDataCache: Using Local data cache path C:/Users/jaket/AppData/Local/UnrealEngine/Common/DerivedDataCache: Writable
[2020.02.02-17.00.06:211][  0]LogDerivedDataCache: Shared data cache path not found in *engine.ini, will not use an Shared cache.
[2020.02.02-17.00.06:211][  0]LogDerivedDataCache: Unable to find inner node Shared for hierarchical cache Hierarchy.
[2020.02.02-17.00.06:250][  0]LogMaterial: Verifying Global Shaders for PCD3D_SM5
[2020.02.02-17.00.06:253][  0]LogSlate: Using FreeType 2.6.0
[2020.02.02-17.00.06:255][  0]LogSlate: SlateFontServices - WITH_FREETYPE: 1, WITH_HARFBUZZ: 1
[2020.02.02-17.00.06:506][  0]LogInit: Using OS detected language (en-US).
[2020.02.02-17.00.06:506][  0]LogInit: Using OS detected locale (en-CA).
[2020.02.02-17.00.06:506][  0]LogTextLocalizationManager: No localization for 'en-US' exists, so 'en' will be used for the language.
[2020.02.02-17.00.06:506][  0]LogTextLocalizationManager: No localization for 'en-CA' exists, so 'en' will be used for the locale.
[2020.02.02-17.00.06:506][  0]LogSlate: FontCache flush requested. Reason: Culture for localization was changed
[2020.02.02-17.00.06:506][  0]LogSlate: FontCache flush requested. Reason: Culture for localization was changed
[2020.02.02-17.00.06:508][  0]LogTextLocalizationManager: Compacting localization data took   0.01ms
[2020.02.02-17.00.06:518][  0]LogAssetRegistry: FAssetRegistry took 0.0045 seconds to start up
[2020.02.02-17.00.06:803][  0]LogPackageLocalizationCache: Processed 10 localized package path(s) for 1 prioritized culture(s) in 0.000729 seconds
[2020.02.02-17.00.06:967][  0]LogInit: Selected Device Profile: [Windows]
[2020.02.02-17.00.07:077][  0]LogMeshReduction: Using QuadricMeshReduction for automatic static mesh reduction
[2020.02.02-17.00.07:078][  0]LogMeshReduction: Using SimplygonMeshReduction for automatic skeletal mesh reduction
[2020.02.02-17.00.07:078][  0]LogMeshReduction: Using ProxyLODMeshReduction for automatic mesh merging
[2020.02.02-17.00.07:078][  0]LogMeshReduction: No distributed automatic mesh merging module available
[2020.02.02-17.00.07:078][  0]LogMeshMerging: No distributed automatic mesh merging module available
[2020.02.02-17.00.07:182][  0]LogNetVersion: StationRepair 1.0.0, NetCL: 5660361, EngineNetVer: 10, GameNetVer: 0 (Checksum: 4262221705)
[2020.02.02-17.00.08:116][  0]LogMoviePlayer: Initializing movie player
[2020.02.02-17.00.08:312][  0]LogTcpMessaging: Initializing TcpMessaging bridge
[2020.02.02-17.00.08:330][  0]LogUdpMessaging: Initializing bridge on interface 0.0.0.0:0 to multicast group 230.0.0.1:6666.
[2020.02.02-17.00.08:486][  0]SourceControl: Source control is disabled
[2020.02.02-17.00.08:486][  0]SourceControl: Source control is disabled
[2020.02.02-17.00.08:489][  0]SourceControl: Source control is disabled
[2020.02.02-17.00.08:619][  0]LogAndroidPermission: UAndroidPermissionCallbackProxy::GetInstance
[2020.02.02-17.00.08:831][  0]LogOcInput: OculusInput pre-init called
[2020.02.02-17.00.08:842][  0]LogUObjectArray: 46459 objects as part of root set at end of initial load.
[2020.02.02-17.00.08:842][  0]LogUObjectAllocator: 8159704 out of 0 bytes used by permanent object pool.
[2020.02.02-17.00.08:842][  0]LogUObjectArray: CloseDisregardForGC: 0/0 objects in disregard for GC pool
[2020.02.02-17.00.09:013][  0]LogEngine: Initializing Engine...
[2020.02.02-17.00.09:013][  0]LogHMD: Failed to initialize OpenVR with code 110
[2020.02.02-17.00.09:026][  0]LogStats: UGameplayTagsManager::InitializeManager -  0.000 s
[2020.02.02-17.00.09:256][  0]LogInit: Initializing FReadOnlyCVARCache
[2020.02.02-17.00.09:295][  0]LogInit: XAudio2 using 'Headphones (WH-1000XM3 Stereo)' : 2 channels at 44.1 kHz using 16 bits per sample (channel mask 0x3)
[2020.02.02-17.00.09:329][  0]LogInit: FAudioDevice initialized.
[2020.02.02-17.00.09:341][  0]LogNetVersion: Set ProjectVersion to 1.0.0.0. Version Checksum will be recalculated on next use.
[2020.02.02-17.00.09:363][  0]LogInit: Texture streaming: Enabled
[2020.02.02-17.00.09:580][  0]LogSlate: Updating window title bar state: overlay mode, drag disabled, window buttons hidden, title bar hidden
[2020.02.02-17.00.09:580][  0]LogInit: Display: Game Engine Initialized.
[2020.02.02-17.00.09:649][  0]LogInit: Display: Starting Game.
[2020.02.02-17.00.09:649][  0]LogNet: Browse: /Game/CommandCenter/CommandCenter?Name=Player
[2020.02.02-17.00.09:649][  0]LogLoad: LoadMap: /Game/CommandCenter/CommandCenter?Name=Player
[2020.02.02-17.00.09:673][  0]LogUObjectHash: Compacting FUObjectHashTables data took   1.82ms
[2020.02.02-17.00.10:583][  0]LogAIModule: Creating AISystem for world CommandCenter
[2020.02.02-17.00.10:583][  0]LogLoad: Game class is 'GameMode_Test_C'
[2020.02.02-17.00.10:609][  0]LogWorld: Bringing World /Game/CommandCenter/CommandCenter.CommandCenter up for play (max tick rate 0) at 2020.02.02-12.00.10
[2020.02.02-17.00.10:611][  0]LogWorld: Bringing up level for play took: 0.026832
[2020.02.02-17.00.10:624][  0]LogLoad: Took 0.975229 seconds to LoadMap(/Game/CommandCenter/CommandCenter)
[2020.02.02-17.00.10:696][  0]LogRenderer: Reallocating scene render targets to support 1280x720 Format 10 NumSamples 1 (Frame:1).
[2020.02.02-17.00.10:696][  0]LogLoad: (Engine Initialization) Total time: 20.72 seconds
[2020.02.02-17.00.10:696][  0]LogLoad: (Engine Initialization) Total Blueprint compile time: 0.00 seconds
[2020.02.02-17.00.11:597][  0]LogContentStreaming: Texture pool size now 1000 MB
[2020.02.02-17.00.11:861][  0]LogRenderer: Reallocating scene render targets to support 128x128 Format 10 NumSamples 1 (Frame:1).
[2020.02.02-17.00.12:002][  0]LogRenderer: Reallocating scene render targets to support 1280x720 Format 10 NumSamples 1 (Frame:2).
[2020.02.02-17.00.32:328][265]LogCharacterMovement: Guy_C_0 is stuck and failed to move! Velocity: X=12.32 Y=101.66 Z=0.00 Location: X=-926.74 Y=-68.51 Z=118.24 Normal: X=-0.79 Y=0.56 Z=0.26 PenetrationDepth:35.658 Actor:Elevator_2 Component:StaticMesh BoneName:None (0 other events since notify)
[2020.02.02-17.00.33:670][276]LogPackageName: SearchForPackageOnDisk took   0.335s to resolve LifeSupport.umap.
[2020.02.02-17.00.33:671][276]LogCharacterMovement: Guy_C_0 is stuck and failed to move! Velocity: X=-1.61 Y=93.26 Z=0.00 Location: X=-926.74 Y=-68.51 Z=118.81 Normal: X=-0.79 Y=0.56 Z=0.26 PenetrationDepth:35.658 Actor:Elevator_2 Component:StaticMesh BoneName:None (4 other events since notify)
[2020.02.02-17.00.33:889][277]LogPackageName: SearchForPackageOnDisk took   0.216s to resolve LifeSupport.umap.
[2020.02.02-17.00.33:889][277]LogNet: Browse: /Game/LifeSupport/LifeSupport
[2020.02.02-17.00.33:889][277]LogLoad: LoadMap: /Game/LifeSupport/LifeSupport
[2020.02.02-17.00.33:963][277]LogUObjectHash: Compacting FUObjectHashTables data took   2.73ms
[2020.02.02-17.00.34:658][277]LogAIModule: Creating AISystem for world LifeSupport
[2020.02.02-17.00.34:659][277]LogLoad: Game class is 'LifeSupportGameMode_C'
[2020.02.02-17.00.35:061][277]LogWorld: Bringing World /Game/LifeSupport/LifeSupport.LifeSupport up for play (max tick rate 0) at 2020.02.02-12.00.35
[2020.02.02-17.00.35:062][277]LogWorld: Bringing up level for play took: 0.403067
[2020.02.02-17.00.35:068][277]LogLoad: Took 1.179222 seconds to LoadMap(/Game/LifeSupport/LifeSupport)
[2020.02.02-17.01.01:621][668]LogPackageName: SearchForPackageOnDisk took   0.216s to resolve CommandCenter.umap.
[2020.02.02-17.01.01:829][669]LogPackageName: SearchForPackageOnDisk took   0.208s to resolve CommandCenter.umap.
[2020.02.02-17.01.01:829][669]LogNet: Browse: /Game/CommandCenter/CommandCenter
[2020.02.02-17.01.01:829][669]LogLoad: LoadMap: /Game/CommandCenter/CommandCenter
[2020.02.02-17.01.01:887][669]LogUObjectHash: Compacting FUObjectHashTables data took   2.16ms
[2020.02.02-17.01.02:395][669]LogAIModule: Creating AISystem for world CommandCenter
[2020.02.02-17.01.02:395][669]LogLoad: Game class is 'GameMode_Test_C'
[2020.02.02-17.01.02:420][669]LogWorld: Bringing World /Game/CommandCenter/CommandCenter.CommandCenter up for play (max tick rate 0) at 2020.02.02-12.01.02
[2020.02.02-17.01.02:420][669]LogWorld: Bringing up level for play took: 0.024302
[2020.02.02-17.01.02:424][669]LogLoad: Took 0.594523 seconds to LoadMap(/Game/CommandCenter/CommandCenter)
[2020.02.02-17.01.17:802][846]LogSlate: Window 'StationRepair (64-bit Development PCD3D_SM5) ' being destroyed
[2020.02.02-17.01.17:805][846]LogWindowsTextInputMethodSystem: Display: IME system now deactivated.
[2020.02.02-17.01.17:812][847]LogSlate: Updating window title bar state: overlay mode, drag disabled, window buttons hidden, title bar hidden
[2020.02.02-17.01.17:812][847]LogEngine: All Windows Closed
[2020.02.02-17.01.17:812][847]LogWindows: FPlatformMisc::RequestExit(0)
[2020.02.02-17.01.18:067][848]LogExit: Preparing to exit.
[2020.02.02-17.01.18:067][848]LogMoviePlayer: Shutting down movie player
[2020.02.02-17.01.18:459][848]LogSlate: Updating window title bar state: overlay mode, drag disabled, window buttons hidden, title bar hidden
[2020.02.02-17.01.18:479][848]LogExit: Game engine shut down
[2020.02.02-17.01.18:622][848]LogExit: Object subsystem successfully closed.
[2020.02.02-17.01.18:653][848]LogShaderCompilers: Display: Shaders left to compile 0
[2020.02.02-17.01.18:660][848]LogD3D11RHI: Shutdown
[2020.02.02-17.01.18:660][848]LogD3D11RHI: CleanupD3DDevice
[2020.02.02-17.01.18:662][848]LogRendererCore: FGlobalReadBuffer::ReleaseRHI
[2020.02.02-17.01.18:662][848]LogRendererCore: FGlobalDynamicReadBuffer::Cleanup()
[2020.02.02-17.01.18:664][848]LogRendererCore: FGlobalReadBuffer::ReleaseRHI
[2020.02.02-17.01.18:664][848]LogRendererCore: FGlobalDynamicReadBuffer::Cleanup()
[2020.02.02-17.01.18:664][848]LogRendererCore: FGlobalReadBuffer::ReleaseRHI
[2020.02.02-17.01.18:664][848]LogRendererCore: FGlobalDynamicReadBuffer::Cleanup()
[2020.02.02-17.01.18:851][848]LogD3D11RHI: ~FD3D11DynamicRHI
[2020.02.02-17.01.18:895][848]LogModuleManager: Shutting down and abandoning module SequenceRecorderSections (398)
[2020.02.02-17.01.18:895][848]LogModuleManager: Shutting down and abandoning module SequenceRecorder (396)
[2020.02.02-17.01.18:895][848]LogModuleManager: Shutting down and abandoning module AutomationController (394)
[2020.02.02-17.01.18:895][848]LogModuleManager: Shutting down and abandoning module AutomationWorker (392)
[2020.02.02-17.01.18:896][848]LogModuleManager: Shutting down and abandoning module Voice (390)
[2020.02.02-17.01.18:896][848]LogModuleManager: Shutting down and abandoning module AIModule (388)
[2020.02.02-17.01.18:896][848]LogModuleManager: Shutting down and abandoning module GameplayDebugger (387)
[2020.02.02-17.01.18:897][848]LogModuleManager: Shutting down and abandoning module AITestSuite (385)
[2020.02.02-17.01.18:897][848]LogModuleManager: Shutting down and abandoning module NavigationSystem (383)
[2020.02.02-17.01.18:897][848]LogModuleManager: Shutting down and abandoning module OculusMR (380)
[2020.02.02-17.01.18:897][848]LogModuleManager: Shutting down and abandoning module WmfMediaFactory (378)
[2020.02.02-17.01.18:897][848]LogModuleManager: Shutting down and abandoning module WebMMediaFactory (376)
[2020.02.02-17.01.18:897][848]LogModuleManager: Shutting down and abandoning module WebMMedia (374)
[2020.02.02-17.01.18:898][848]LogModuleManager: Shutting down and abandoning module OpenExrWrapper (372)
[2020.02.02-17.01.18:898][848]LogModuleManager: Shutting down and abandoning module ImgMediaFactory (370)
[2020.02.02-17.01.18:898][848]LogModuleManager: Shutting down and abandoning module AvfMediaFactory (368)
[2020.02.02-17.01.18:898][848]LogModuleManager: Shutting down and abandoning module MagicLeapCameraPreviewFactory (366)
[2020.02.02-17.01.18:898][848]LogModuleManager: Shutting down and abandoning module MagicLeapMediaCodecFactory (364)
[2020.02.02-17.01.18:898][848]LogModuleManager: Shutting down and abandoning module MagicLeapMediaFactory (362)
[2020.02.02-17.01.18:898][848]LogModuleManager: Shutting down and abandoning module CharacterAI (360)
[2020.02.02-17.01.18:898][848]LogModuleManager: Shutting down and abandoning module SessionServices (358)
[2020.02.02-17.01.18:898][848]LogModuleManager: Shutting down and abandoning module MovieSceneCapture (356)
[2020.02.02-17.01.18:898][848]LogModuleManager: Shutting down and abandoning module LiveCoding (354)
[2020.02.02-17.01.18:899][848]LogModuleManager: Shutting down and abandoning module LevelSequence (352)
[2020.02.02-17.01.18:899][848]LogModuleManager: Shutting down and abandoning module MovieSceneTracks (350)
[2020.02.02-17.01.18:899][848]LogModuleManager: Shutting down and abandoning module MovieScene (348)
[2020.02.02-17.01.18:899][848]LogModuleManager: Shutting down and abandoning module StreamingPauseRendering (346)
[2020.02.02-17.01.18:899][848]LogModuleManager: Shutting down and abandoning module PortalServices (344)
[2020.02.02-17.01.18:899][848]LogModuleManager: Shutting down and abandoning module PortalRpc (342)
[2020.02.02-17.01.18:899][848]LogModuleManager: Shutting down and abandoning module MessagingRpc (340)
[2020.02.02-17.01.18:899][848]LogModuleManager: Shutting down and abandoning module ImageWriteQueue (338)
[2020.02.02-17.01.18:901][848]LogModuleManager: Shutting down and abandoning module ProfilerService (336)
[2020.02.02-17.01.18:984][848]LogModuleManager: Shutting down and abandoning module TaskGraph (334)
[2020.02.02-17.01.18:986][848]LogModuleManager: Shutting down and abandoning module SteamVRController (332)
[2020.02.02-17.01.18:986][848]LogModuleManager: Shutting down and abandoning module ProceduralMeshComponent (330)
[2020.02.02-17.01.18:986][848]LogModuleManager: Shutting down and abandoning module OculusInput (328)
[2020.02.02-17.01.18:986][848]LogModuleManager: Shutting down and abandoning module MobilePatchingUtils (326)
[2020.02.02-17.01.18:986][848]LogModuleManager: Shutting down and abandoning module EditableMesh (324)
[2020.02.02-17.01.18:986][848]LogModuleManager: Shutting down and abandoning module CustomMeshComponent (322)
[2020.02.02-17.01.18:986][848]LogModuleManager: Shutting down and abandoning module CableComponent (320)
[2020.02.02-17.01.18:987][848]LogModuleManager: Shutting down and abandoning module AudioCapture (318)
[2020.02.02-17.01.18:987][848]LogModuleManager: Shutting down and abandoning module ArchVisCharacter (316)
[2020.02.02-17.01.18:987][848]LogModuleManager: Shutting down and abandoning module AndroidPermission (314)
[2020.02.02-17.01.18:987][848]LogModuleManager: Shutting down and abandoning module NUTUnrealEngine4 (312)
[2020.02.02-17.01.18:987][848]LogModuleManager: Shutting down and abandoning module NetcodeUnitTest (310)
[2020.02.02-17.01.18:988][848]LogModuleManager: Shutting down and abandoning module MediaCompositing (308)
[2020.02.02-17.01.18:988][848]LogModuleManager: Shutting down and abandoning module LinearTimecode (306)
[2020.02.02-17.01.18:988][848]LogModuleManager: Shutting down and abandoning module ImgMedia (304)
[2020.02.02-17.01.18:988][848]LogModuleManager: Shutting down and abandoning module MagicLeapHelperVulkan (302)
[2020.02.02-17.01.18:988][848]LogModuleManager: Shutting down and abandoning module MagicLeapHelperOpenGL (300)
[2020.02.02-17.01.18:988][848]LogModuleManager: Shutting down and abandoning module MagicLeapAudio (298)
[2020.02.02-17.01.18:989][848]LogModuleManager: Shutting down and abandoning module HTML5Networking (296)
[2020.02.02-17.01.18:989][848]LogModuleManager: Shutting down and abandoning module GeometryCacheTracks (294)
[2020.02.02-17.01.18:989][848]LogModuleManager: Shutting down and abandoning module GeometryCacheSequencer (293)
[2020.02.02-17.01.18:989][848]LogModuleManager: Shutting down and abandoning module GeometryCache (290)
[2020.02.02-17.01.18:989][848]LogModuleManager: Shutting down and abandoning module GeometryCacheEd (289)
[2020.02.02-17.01.18:989][848]LogModuleManager: Shutting down and abandoning module BackChannel (286)
[2020.02.02-17.01.18:989][848]LogModuleManager: Shutting down and abandoning module AppleVision (284)
[2020.02.02-17.01.18:989][848]LogModuleManager: Shutting down and abandoning module AppleImageUtilsBlueprintSupport (282)
[2020.02.02-17.01.18:989][848]LogModuleManager: Shutting down and abandoning module AppleImageUtils (280)
[2020.02.02-17.01.18:989][848]LogModuleManager: Shutting down and abandoning module VariantManagerContent (278)
[2020.02.02-17.01.18:990][848]LogModuleManager: Shutting down and abandoning module CryptoKeysOpenSSL (276)
[2020.02.02-17.01.18:990][848]LogModuleManager: Shutting down and abandoning module CryptoKeys (274)
[2020.02.02-17.01.18:990][848]LogModuleManager: Shutting down and abandoning module VisualStudioSourceCodeAccess (272)
[2020.02.02-17.01.18:991][848]LogModuleManager: Shutting down and abandoning module HotReload (271)
[2020.02.02-17.01.18:993][848]LogModuleManager: Shutting down and abandoning module DirectoryWatcher (270)
[2020.02.02-17.01.18:994][848]LogModuleManager: Shutting down and abandoning module VisualStudioCodeSourceCodeAccess (266)
[2020.02.02-17.01.18:994][848]LogModuleManager: Shutting down and abandoning module UObjectPlugin (264)
[2020.02.02-17.01.18:994][848]LogModuleManager: Shutting down and abandoning module SubversionSourceControl (262)
[2020.02.02-17.01.18:996][848]LogModuleManager: Shutting down and abandoning module PerforceSourceControl (260)
[2020.02.02-17.01.18:997][848]LogModuleManager: Shutting down and abandoning module SourceControl (259)
[2020.02.02-17.01.18:998][848]LogModuleManager: Shutting down and abandoning module CLionSourceCodeAccess (256)
[2020.02.02-17.01.18:998][848]LogModuleManager: Shutting down and abandoning module ActorLayerUtilities (254)
[2020.02.02-17.01.18:998][848]LogModuleManager: Shutting down and abandoning module SignificanceManager (252)
[2020.02.02-17.01.18:998][848]LogModuleManager: Shutting down and abandoning module RuntimePhysXCooking (250)
[2020.02.02-17.01.18:998][848]LogModuleManager: Shutting down and abandoning module PhysXVehiclesEditor (248)
[2020.02.02-17.01.18:998][848]LogModuleManager: Shutting down and abandoning module PhysXVehicles (246)
[2020.02.02-17.01.18:998][848]LogModuleManager: Shutting down and abandoning module LocationServicesBPLibrary (244)
[2020.02.02-17.01.18:998][848]LogModuleManager: Shutting down and abandoning module ActorSequence (242)
[2020.02.02-17.01.18:998][848]LogModuleManager: Shutting down and abandoning module UdpMessaging (240)
[2020.02.02-17.01.19:099][848]LogModuleManager: Shutting down and abandoning module TcpMessaging (238)
[2020.02.02-17.01.19:360][848]LogModuleManager: Shutting down and abandoning module MagicLeapIdentity (236)
[2020.02.02-17.01.19:360][848]LogModuleManager: Shutting down and abandoning module MagicLeapSecureStorage (234)
[2020.02.02-17.01.19:360][848]LogModuleManager: Shutting down and abandoning module MagicLeapHandTracking (232)
[2020.02.02-17.01.19:362][848]LogModuleManager: Shutting down and abandoning module MagicLeapEyeTracker (230)
[2020.02.02-17.01.19:362][848]LogModuleManager: Shutting down and abandoning module MagicLeapController (228)
[2020.02.02-17.01.19:363][848]LogSlate: Slate User Destroyed.  User Index 0, Is Virtual User: 0
[2020.02.02-17.01.19:363][848]LogModuleManager: Shutting down and abandoning module MagicLeapAR (226)
[2020.02.02-17.01.19:363][848]LogModuleManager: Shutting down and abandoning module AugmentedReality (225)
[2020.02.02-17.01.19:363][848]LogModuleManager: Shutting down and abandoning module GameplayTagsEditor (222)
[2020.02.02-17.01.19:365][848]LogModuleManager: Shutting down and abandoning module FacialAnimation (220)
[2020.02.02-17.01.19:365][848]LogModuleManager: Shutting down and abandoning module DataValidation (218)
[2020.02.02-17.01.19:365][848]LogModuleManager: Shutting down and abandoning module AssetManagerEditor (216)
[2020.02.02-17.01.19:368][848]LogModuleManager: Shutting down and abandoning module TreeMap (215)
[2020.02.02-17.01.19:369][848]LogModuleManager: Shutting down and abandoning module AnimationSharing (212)
[2020.02.02-17.01.19:369][848]LogModuleManager: Shutting down and abandoning module LightPropagationVolumeRuntime (210)
[2020.02.02-17.01.19:370][848]LogModuleManager: Shutting down and abandoning module AISupportModule (208)
[2020.02.02-17.01.19:370][848]LogModuleManager: Shutting down and abandoning module Paper2D (206)
[2020.02.02-17.01.19:371][848]LogModuleManager: Shutting down and abandoning module WindowsMoviePlayer (204)
[2020.02.02-17.01.19:372][848]LogModuleManager: Shutting down and abandoning module WebMMoviePlayer (202)
[2020.02.02-17.01.19:373][848]LogModuleManager: Shutting down and abandoning module PacketHandler (200)
[2020.02.02-17.01.19:373][848]LogModuleManager: Shutting down and abandoning module ClothingSystemEditor (198)
[2020.02.02-17.01.19:373][848]LogModuleManager: Shutting down and abandoning module ClothingSystemRuntime (196)
[2020.02.02-17.01.19:375][848]LogModuleManager: Shutting down and abandoning module MediaAssets (194)
[2020.02.02-17.01.19:376][848]LogModuleManager: Shutting down and abandoning module Overlay (192)
[2020.02.02-17.01.19:376][848]LogModuleManager: Shutting down and abandoning module OverlayEditor (191)
[2020.02.02-17.01.19:376][848]LogModuleManager: Shutting down and abandoning module VREditor (188)
[2020.02.02-17.01.19:379][848]LogModuleManager: Shutting down and abandoning module StringTableEditor (186)
[2020.02.02-17.01.19:381][848]LogModuleManager: Shutting down and abandoning module GameplayTasksEditor (184)
[2020.02.02-17.01.19:381][848]LogModuleManager: Shutting down and abandoning module BehaviorTreeEditor (182)
[2020.02.02-17.01.19:384][848]LogModuleManager: Shutting down and abandoning module FunctionalTesting (180)
[2020.02.02-17.01.19:385][848]LogModuleManager: Shutting down and abandoning module CollisionAnalyzer (178)
[2020.02.02-17.01.19:389][848]LogModuleManager: Shutting down and abandoning module WorkspaceMenuStructure (177)
[2020.02.02-17.01.19:389][848]LogModuleManager: Shutting down and abandoning module UMG (174)
[2020.02.02-17.01.19:389][848]LogModuleManager: Shutting down and abandoning module UMGEditor (173)
[2020.02.02-17.01.19:389][848]LogModuleManager: Shutting down and abandoning module Sequencer (172)
[2020.02.02-17.01.19:389][848]LogModuleManager: Shutting down and abandoning module MessageLog (169)
[2020.02.02-17.01.19:389][848]LogModuleManager: Shutting down and abandoning module SlateReflector (164)
[2020.02.02-17.01.19:395][848]LogModuleManager: Shutting down and abandoning module Slate (162)
[2020.02.02-17.01.19:395][848]LogModuleManager: Shutting down and abandoning module EditorStyle (160)
[2020.02.02-17.01.19:397][848]LogModuleManager: Shutting down and abandoning module UnrealEd (158)
[2020.02.02-17.01.19:397][848]LogModuleManager: Shutting down and abandoning module MRMesh (156)
[2020.02.02-17.01.19:398][848]LogModuleManager: Shutting down and abandoning module Messaging (154)
[2020.02.02-17.01.19:398][848]LogModuleManager: Shutting down and abandoning module SourceCodeAccess (152)
[2020.02.02-17.01.19:398][848]LogModuleManager: Shutting down and abandoning module HeadMountedDisplay (150)
[2020.02.02-17.01.19:398][848]LogModuleManager: Shutting down and abandoning module XAudio2 (148)
[2020.02.02-17.01.19:398][848]LogModuleManager: Shutting down and abandoning module Networking (146)
[2020.02.02-17.01.19:398][848]LogModuleManager: Shutting down and abandoning module Core (144)
[2020.02.02-17.01.19:398][848]LogModuleManager: Shutting down and abandoning module KismetCompiler (142)
[2020.02.02-17.01.19:398][848]LogModuleManager: Shutting down and abandoning module MeshUtilities (140)
[2020.02.02-17.01.19:398][848]LogModuleManager: Shutting down and abandoning module MeshMergeUtilities (139)
[2020.02.02-17.01.19:398][848]LogModuleManager: Shutting down and abandoning module MeshReductionInterface (138)
[2020.02.02-17.01.19:398][848]LogModuleManager: Shutting down and abandoning module SkeletalMeshReduction (137)
[2020.02.02-17.01.19:400][848]LogModuleManager: Shutting down and abandoning module ProxyLODMeshReduction (135)
[2020.02.02-17.01.19:402][848]LogModuleManager: Shutting down and abandoning module QuadricMeshReduction (133)
[2020.02.02-17.01.19:403][848]LogModuleManager: Shutting down and abandoning module MaterialBaking (129)
[2020.02.02-17.01.19:403][848]LogModuleManager: Shutting down and abandoning module PIEPreviewDeviceProfileSelector (124)
[2020.02.02-17.01.19:404][848]LogModuleManager: Shutting down and abandoning module DerivedDataCache (122)
[2020.02.02-17.01.19:487][848]LogDerivedDataCache: Shutdown
[2020.02.02-17.01.19:487][848]LogModuleManager: Shutting down and abandoning module XGEController (120)
[2020.02.02-17.01.19:488][848]LogModuleManager: Shutting down and abandoning module TargetPlatform (118)
[2020.02.02-17.01.19:488][848]LogModuleManager: Shutting down and abandoning module VulkanShaderFormat (117)
[2020.02.02-17.01.19:489][848]LogModuleManager: Shutting down and abandoning module ShaderFormatVectorVM (115)
[2020.02.02-17.01.19:490][848]LogModuleManager: Shutting down and abandoning module ShaderFormatOpenGL (113)
[2020.02.02-17.01.19:490][848]LogModuleManager: Shutting down and abandoning module ShaderFormatD3D (111)
[2020.02.02-17.01.19:491][848]LogModuleManager: Shutting down and abandoning module MetalShaderFormat (109)
[2020.02.02-17.01.19:492][848]LogModuleManager: Shutting down and abandoning module TextureFormatUncompressed (107)
[2020.02.02-17.01.19:492][848]LogModuleManager: Shutting down and abandoning module TextureFormatPVR (105)
[2020.02.02-17.01.19:492][848]LogModuleManager: Shutting down and abandoning module TextureFormatDXT (103)
[2020.02.02-17.01.19:492][848]LogModuleManager: Shutting down and abandoning module TextureFormatIntelISPCTexComp (101)
[2020.02.02-17.01.19:493][848]LogModuleManager: Shutting down and abandoning module TextureFormatASTC (99)
[2020.02.02-17.01.19:493][848]LogModuleManager: Shutting down and abandoning module ImageWrapper (98)
[2020.02.02-17.01.19:493][848]LogModuleManager: Shutting down and abandoning module TextureFormatAndroid (95)
[2020.02.02-17.01.19:493][848]LogModuleManager: Shutting down and abandoning module AudioFormatOpus (93)
[2020.02.02-17.01.19:494][848]LogModuleManager: Shutting down and abandoning module AudioFormatOgg (91)
[2020.02.02-17.01.19:494][848]LogModuleManager: Shutting down and abandoning module AudioFormatADPCM (89)
[2020.02.02-17.01.19:494][848]LogModuleManager: Shutting down and abandoning module WindowsTargetPlatform (87)
[2020.02.02-17.01.19:494][848]LogModuleManager: Shutting down and abandoning module WindowsServerTargetPlatform (85)
[2020.02.02-17.01.19:494][848]LogModuleManager: Shutting down and abandoning module WindowsNoEditorTargetPlatform (83)
[2020.02.02-17.01.19:494][848]LogModuleManager: Shutting down and abandoning module WindowsClientTargetPlatform (81)
[2020.02.02-17.01.19:494][848]LogModuleManager: Shutting down and abandoning module InputCore (78)
[2020.02.02-17.01.19:494][848]LogModuleManager: Shutting down and abandoning module Settings (76)
[2020.02.02-17.01.19:495][848]LogModuleManager: Shutting down and abandoning module PhysXCooking (74)
[2020.02.02-17.01.19:495][848]LogModuleManager: Shutting down and abandoning module SteamVR (72)
[2020.02.02-17.01.19:496][848]LogHMD: Freeing OpenVRDLLHandle.
[2020.02.02-17.01.19:496][848]LogModuleManager: Shutting down and abandoning module OculusHMD (70)
[2020.02.02-17.01.19:497][848]LogModuleManager: Shutting down and abandoning module ExampleDeviceProfileSelector (68)
[2020.02.02-17.01.19:497][848]LogModuleManager: Shutting down and abandoning module LauncherChunkInstaller (66)
[2020.02.02-17.01.19:497][848]LogModuleManager: Shutting down and abandoning module OnlineBlueprintSupport (64)
[2020.02.02-17.01.19:497][848]LogModuleManager: Shutting down and abandoning module OnlineSubsystem (60)
[2020.02.02-17.01.19:498][848]LogModuleManager: Shutting down and abandoning module XMPP (55)
[2020.02.02-17.01.19:499][848]LogModuleManager: Shutting down and abandoning module WebSockets (54)
[2020.02.02-17.01.19:513][848]LogModuleManager: Shutting down and abandoning module HTTP (51)
[2020.02.02-17.01.19:535][848]LogModuleManager: Shutting down and abandoning module SSL (50)
[2020.02.02-17.01.19:542][848]LogModuleManager: Shutting down and abandoning module WmfMedia (46)
[2020.02.02-17.01.19:547][848]LogModuleManager: Shutting down and abandoning module Media (45)
[2020.02.02-17.01.19:557][848]LogModuleManager: Shutting down and abandoning module MagicLeap (42)
[2020.02.02-17.01.19:558][848]LogModuleManager: Shutting down and abandoning module DatasmithContent (40)
[2020.02.02-17.01.19:559][848]LogModuleManager: Shutting down and abandoning module AnimationModifiers (38)
[2020.02.02-17.01.19:560][848]LogModuleManager: Shutting down and abandoning module PropertyEditor (37)
[2020.02.02-17.01.19:561][848]LogModuleManager: Shutting down and abandoning module AudioEditor (34)
[2020.02.02-17.01.19:563][848]LogModuleManager: Shutting down and abandoning module TextureCompressor (32)
[2020.02.02-17.01.19:564][848]LogModuleManager: Shutting down and abandoning module RenderCore (30)
[2020.02.02-17.01.19:564][848]LogModuleManager: Shutting down and abandoning module Landscape (28)
[2020.02.02-17.01.19:564][848]LogModuleManager: Shutting down and abandoning module SlateRHIRenderer (26)
[2020.02.02-17.01.19:565][848]LogModuleManager: Shutting down and abandoning module OpenGLDrv (24)
[2020.02.02-17.01.19:567][848]LogModuleManager: Shutting down and abandoning module D3D11RHI (22)
[2020.02.02-17.01.19:567][848]LogModuleManager: Shutting down and abandoning module AnimGraphRuntime (20)
[2020.02.02-17.01.19:568][848]LogModuleManager: Shutting down and abandoning module Renderer (18)
[2020.02.02-17.01.19:568][848]LogModuleManager: Shutting down and abandoning module Engine (16)
[2020.02.02-17.01.19:568][848]LogModuleManager: Shutting down and abandoning module CoreUObject (14)
[2020.02.02-17.01.19:568][848]LogModuleManager: Shutting down and abandoning module NetworkFile (12)
[2020.02.02-17.01.19:568][848]LogModuleManager: Shutting down and abandoning module CookedIterativeFile (10)
[2020.02.02-17.01.19:568][848]LogModuleManager: Shutting down and abandoning module StreamingFile (8)
[2020.02.02-17.01.19:569][848]LogModuleManager: Shutting down and abandoning module SandboxFile (6)
[2020.02.02-17.01.19:569][848]LogModuleManager: Shutting down and abandoning module PakFile (4)
[2020.02.02-17.01.19:570][848]LogModuleManager: Shutting down and abandoning module RSA (3)
[2020.02.02-17.01.19:576][848]LogExit: Exiting.
[2020.02.02-17.01.19:610][848]Log file closed, 02/02/20 12:01:19
